  [1m[35m (2.7ms)[0m  [1m[35mCREATE TABLE "schema_migrations" ("version" varchar NOT NULL PRIMARY KEY)[0m
  [1m[35m (0.6ms)[0m  [1m[35mCREATE TABLE "ar_internal_metadata" ("key" varchar NOT NULL PRIMARY KEY, "value" varchar, "created_at" datetime NOT NULL, "updated_at" datetime NOT NULL)[0m
  [1m[36mActiveRecord::SchemaMigration Load (0.1ms)[0m  [1m[34mSELECT "schema_migrations".* FROM "schema_migrations"[0m
Migrating to CreatePosts (20170330063028)
  [1m[35m (0.1ms)[0m  [1m[36mbegin transaction[0m
  [1m[35m (0.4ms)[0m  [1m[35mCREATE TABLE "posts" ("id" INTEGER PRIMARY KEY AUTOINCREMENT NOT NULL, "body" varchar, "created_at" datetime NOT NULL, "updated_at" datetime NOT NULL)[0m
  [1m[35mSQL (0.2ms)[0m  [1m[32mINSERT INTO "schema_migrations" ("version") VALUES (?)[0m  [["version", "20170330063028"]]
  [1m[35m (0.7ms)[0m  [1m[36mcommit transaction[0m
  [1m[36mActiveRecord::InternalMetadata Load (0.1ms)[0m  [1m[34mSELECT  "ar_internal_metadata".* FROM "ar_internal_metadata" WHERE "ar_internal_metadata"."key" = ? LIMIT ?[0m  [["key", :environment], ["LIMIT", 1]]
  [1m[35m (0.1ms)[0m  [1m[36mbegin transaction[0m
  [1m[35mSQL (0.3ms)[0m  [1m[32mINSERT INTO "ar_internal_metadata" ("key", "value", "created_at", "updated_at") VALUES (?, ?, ?, ?)[0m  [["key", "environment"], ["value", "development"], ["created_at", 2017-03-30 06:35:24 UTC], ["updated_at", 2017-03-30 06:35:24 UTC]]
  [1m[35m (0.6ms)[0m  [1m[36mcommit transaction[0m
  [1m[36mActiveRecord::SchemaMigration Load (0.1ms)[0m  [1m[34mSELECT "schema_migrations".* FROM "schema_migrations"[0m
Started GET "/" for ::1 at 2017-03-30 15:40:08 +0900
  [1m[36mActiveRecord::SchemaMigration Load (0.2ms)[0m  [1m[34mSELECT "schema_migrations".* FROM "schema_migrations"[0m
Processing by Rails::WelcomeController#index as HTML
  Parameters: {"internal"=>true}
  Rendering /Users/jongwon/.rbenv/versions/2.3.1/lib/ruby/gems/2.3.0/gems/railties-5.0.2/lib/rails/templates/rails/welcome/index.html.erb
  Rendered /Users/jongwon/.rbenv/versions/2.3.1/lib/ruby/gems/2.3.0/gems/railties-5.0.2/lib/rails/templates/rails/welcome/index.html.erb (4.7ms)
Completed 200 OK in 28ms (Views: 15.3ms | ActiveRecord: 0.0ms)


Started GET "/" for ::1 at 2017-03-30 15:40:08 +0900
Processing by Rails::WelcomeController#index as HTML
  Parameters: {"internal"=>true}
  Rendering /Users/jongwon/.rbenv/versions/2.3.1/lib/ruby/gems/2.3.0/gems/railties-5.0.2/lib/rails/templates/rails/welcome/index.html.erb
  Rendered /Users/jongwon/.rbenv/versions/2.3.1/lib/ruby/gems/2.3.0/gems/railties-5.0.2/lib/rails/templates/rails/welcome/index.html.erb (3.7ms)
Completed 200 OK in 9ms (Views: 6.2ms | ActiveRecord: 0.0ms)


Started GET "/main" for ::1 at 2017-03-30 15:41:36 +0900
  
ArgumentError (Missing :controller key on routes definition, please check your routes.):
  
config/routes.rb:6:in `block in <top (required)>'
config/routes.rb:1:in `<top (required)>'
  Rendering /Users/jongwon/.rbenv/versions/2.3.1/lib/ruby/gems/2.3.0/gems/actionpack-5.0.2/lib/action_dispatch/middleware/templates/rescues/diagnostics.html.erb within rescues/layout
  Rendering /Users/jongwon/.rbenv/versions/2.3.1/lib/ruby/gems/2.3.0/gems/actionpack-5.0.2/lib/action_dispatch/middleware/templates/rescues/_source.html.erb
  Rendered /Users/jongwon/.rbenv/versions/2.3.1/lib/ruby/gems/2.3.0/gems/actionpack-5.0.2/lib/action_dispatch/middleware/templates/rescues/_source.html.erb (4.1ms)
  Rendering /Users/jongwon/.rbenv/versions/2.3.1/lib/ruby/gems/2.3.0/gems/actionpack-5.0.2/lib/action_dispatch/middleware/templates/rescues/_trace.html.erb
  Rendered /Users/jongwon/.rbenv/versions/2.3.1/lib/ruby/gems/2.3.0/gems/actionpack-5.0.2/lib/action_dispatch/middleware/templates/rescues/_trace.html.erb (2.8ms)
  Rendering /Users/jongwon/.rbenv/versions/2.3.1/lib/ruby/gems/2.3.0/gems/actionpack-5.0.2/lib/action_dispatch/middleware/templates/rescues/_request_and_response.html.erb
  Rendered /Users/jongwon/.rbenv/versions/2.3.1/lib/ruby/gems/2.3.0/gems/actionpack-5.0.2/lib/action_dispatch/middleware/templates/rescues/_request_and_response.html.erb (1.8ms)
  Rendered /Users/jongwon/.rbenv/versions/2.3.1/lib/ruby/gems/2.3.0/gems/actionpack-5.0.2/lib/action_dispatch/middleware/templates/rescues/diagnostics.html.erb within rescues/layout (82.0ms)
Started GET "/" for ::1 at 2017-03-30 15:45:09 +0900
Processing by Rails::WelcomeController#index as HTML
  Parameters: {"internal"=>true}
  Rendering /Users/jongwon/.rbenv/versions/2.3.1/lib/ruby/gems/2.3.0/gems/railties-5.0.2/lib/rails/templates/rails/welcome/index.html.erb
  Rendered /Users/jongwon/.rbenv/versions/2.3.1/lib/ruby/gems/2.3.0/gems/railties-5.0.2/lib/rails/templates/rails/welcome/index.html.erb (4.4ms)
Completed 200 OK in 10ms (Views: 7.0ms | ActiveRecord: 0.0ms)


Started GET "/" for ::1 at 2017-03-30 15:45:45 +0900
Processing by PostsController#index as HTML
  Rendering posts/index.html.erb within layouts/application
  [1m[36mPost Load (0.3ms)[0m  [1m[34mSELECT "posts".* FROM "posts"[0m
  Rendered posts/index.html.erb within layouts/application (1.7ms)
Completed 200 OK in 527ms (Views: 522.6ms | ActiveRecord: 0.5ms)


  [1m[36mPost Load (1.6ms)[0m  [1m[34mSELECT "posts".* FROM "posts"[0m
Started GET "/posts/new" for ::1 at 2017-03-30 15:46:10 +0900
Processing by PostsController#new as HTML
  Rendering posts/new.html.erb within layouts/application
  Rendered posts/new.html.erb within layouts/application (8.5ms)
Completed 200 OK in 41ms (Views: 34.2ms | ActiveRecord: 0.3ms)


Started POST "/posts" for ::1 at 2017-03-30 15:46:14 +0900
Processing by PostsController#create as HTML
  Parameters: {"utf8"=>"✓", "authenticity_token"=>"n61YTBww4BROqAFRV847vT2Ix/dDH5hKYIiyy4pdW5N9acPSVTbbLQl43YQ11teb/9gT734ZgBJwKbrZcqYA/w==", "post"=>{"body"=>"article1"}, "commit"=>"submit"}
  [1m[35m (0.1ms)[0m  [1m[36mbegin transaction[0m
  [1m[35mSQL (1.5ms)[0m  [1m[32mINSERT INTO "posts" ("body", "created_at", "updated_at") VALUES (?, ?, ?)[0m  [["body", "article1"], ["created_at", 2017-03-30 06:46:14 UTC], ["updated_at", 2017-03-30 06:46:14 UTC]]
  [1m[35m (1.2ms)[0m  [1m[36mcommit transaction[0m
Redirected to http://localhost:3000/main
Completed 302 Found in 7ms (ActiveRecord: 2.9ms)


Started GET "/main" for ::1 at 2017-03-30 15:46:14 +0900
Processing by PostsController#index as HTML
  Rendering posts/index.html.erb within layouts/application
  [1m[36mPost Load (0.2ms)[0m  [1m[34mSELECT "posts".* FROM "posts"[0m
  Rendered posts/index.html.erb within layouts/application (1.7ms)
Completed 200 OK in 28ms (Views: 25.8ms | ActiveRecord: 0.2ms)


Started GET "/main" for ::1 at 2017-03-30 15:46:19 +0900
Processing by PostsController#index as HTML
  Rendering posts/index.html.erb within layouts/application
  [1m[36mPost Load (0.2ms)[0m  [1m[34mSELECT "posts".* FROM "posts"[0m
  Rendered posts/index.html.erb within layouts/application (1.1ms)
Completed 200 OK in 53ms (Views: 51.4ms | ActiveRecord: 0.2ms)


Started GET "/" for ::1 at 2017-03-30 15:46:43 +0900
Processing by PostsController#index as HTML
  Rendering posts/index.html.erb within layouts/application
  [1m[36mPost Load (0.1ms)[0m  [1m[34mSELECT "posts".* FROM "posts"[0m
  Rendered posts/index.html.erb within layouts/application (1.2ms)
Completed 200 OK in 33ms (Views: 31.2ms | ActiveRecord: 0.1ms)


Started GET "/main" for ::1 at 2017-03-30 15:46:47 +0900
Processing by PostsController#index as HTML
  Rendering posts/index.html.erb within layouts/application
  [1m[36mPost Load (0.2ms)[0m  [1m[34mSELECT "posts".* FROM "posts"[0m
  Rendered posts/index.html.erb within layouts/application (2.0ms)
Completed 200 OK in 37ms (Views: 33.2ms | ActiveRecord: 0.2ms)


Started GET "/main" for ::1 at 2017-03-30 15:46:54 +0900
Processing by PostsController#index as HTML
  Rendering posts/index.html.erb within layouts/application
  [1m[36mPost Load (0.2ms)[0m  [1m[34mSELECT "posts".* FROM "posts"[0m
  Rendered posts/index.html.erb within layouts/application (1.6ms)
Completed 200 OK in 36ms (Views: 33.9ms | ActiveRecord: 0.2ms)


Started GET "/main" for ::1 at 2017-03-30 15:47:22 +0900
Processing by PostsController#index as HTML
  Rendering posts/index.html.erb within layouts/application
  [1m[36mPost Load (0.4ms)[0m  [1m[34mSELECT "posts".* FROM "posts"[0m
  Rendered posts/index.html.erb within layouts/application (6.6ms)
Completed 200 OK in 32ms (Views: 26.5ms | ActiveRecord: 1.4ms)


Started GET "/new" for ::1 at 2017-03-30 15:47:25 +0900
  
ActionController::RoutingError (No route matches [GET] "/new"):
  
actionpack (5.0.2) lib/action_dispatch/middleware/debug_exceptions.rb:53:in `call'
web-console (3.5.0) lib/web_console/middleware.rb:135:in `call_app'
web-console (3.5.0) lib/web_console/middleware.rb:28:in `block in call'
web-console (3.5.0) lib/web_console/middleware.rb:18:in `catch'
web-console (3.5.0) lib/web_console/middleware.rb:18:in `call'
actionpack (5.0.2) lib/action_dispatch/middleware/show_exceptions.rb:31:in `call'
railties (5.0.2) lib/rails/rack/logger.rb:36:in `call_app'
railties (5.0.2) lib/rails/rack/logger.rb:24:in `block in call'
activesupport (5.0.2) lib/active_support/tagged_logging.rb:69:in `block in tagged'
activesupport (5.0.2) lib/active_support/tagged_logging.rb:26:in `tagged'
activesupport (5.0.2) lib/active_support/tagged_logging.rb:69:in `tagged'
railties (5.0.2) lib/rails/rack/logger.rb:24:in `call'
sprockets-rails (3.2.0) lib/sprockets/rails/quiet_assets.rb:13:in `call'
actionpack (5.0.2) lib/action_dispatch/middleware/request_id.rb:24:in `call'
rack (2.0.1) lib/rack/method_override.rb:22:in `call'
rack (2.0.1) lib/rack/runtime.rb:22:in `call'
activesupport (5.0.2) lib/active_support/cache/strategy/local_cache_middleware.rb:28:in `call'
actionpack (5.0.2) lib/action_dispatch/middleware/executor.rb:12:in `call'
actionpack (5.0.2) lib/action_dispatch/middleware/static.rb:136:in `call'
rack (2.0.1) lib/rack/sendfile.rb:111:in `call'
railties (5.0.2) lib/rails/engine.rb:522:in `call'
puma (3.8.2) lib/puma/configuration.rb:224:in `call'
puma (3.8.2) lib/puma/server.rb:600:in `handle_request'
puma (3.8.2) lib/puma/server.rb:435:in `process_client'
puma (3.8.2) lib/puma/server.rb:299:in `block in run'
puma (3.8.2) lib/puma/thread_pool.rb:120:in `block in spawn_thread'
  Rendering /Users/jongwon/.rbenv/versions/2.3.1/lib/ruby/gems/2.3.0/gems/actionpack-5.0.2/lib/action_dispatch/middleware/templates/rescues/routing_error.html.erb within rescues/layout
  Rendering /Users/jongwon/.rbenv/versions/2.3.1/lib/ruby/gems/2.3.0/gems/actionpack-5.0.2/lib/action_dispatch/middleware/templates/rescues/_trace.html.erb
  Rendered /Users/jongwon/.rbenv/versions/2.3.1/lib/ruby/gems/2.3.0/gems/actionpack-5.0.2/lib/action_dispatch/middleware/templates/rescues/_trace.html.erb (1.2ms)
  Rendered collection of /Users/jongwon/.rbenv/versions/2.3.1/lib/ruby/gems/2.3.0/gems/actionpack-5.0.2/lib/action_dispatch/middleware/templates/routes/_route.html.erb [4 times] (8.5ms)
  Rendered /Users/jongwon/.rbenv/versions/2.3.1/lib/ruby/gems/2.3.0/gems/actionpack-5.0.2/lib/action_dispatch/middleware/templates/routes/_table.html.erb (2.4ms)
  Rendering /Users/jongwon/.rbenv/versions/2.3.1/lib/ruby/gems/2.3.0/gems/actionpack-5.0.2/lib/action_dispatch/middleware/templates/rescues/_request_and_response.html.erb
  Rendered /Users/jongwon/.rbenv/versions/2.3.1/lib/ruby/gems/2.3.0/gems/actionpack-5.0.2/lib/action_dispatch/middleware/templates/rescues/_request_and_response.html.erb (1.3ms)
  Rendered /Users/jongwon/.rbenv/versions/2.3.1/lib/ruby/gems/2.3.0/gems/actionpack-5.0.2/lib/action_dispatch/middleware/templates/rescues/routing_error.html.erb within rescues/layout (104.5ms)
Started GET "/new" for ::1 at 2017-03-30 15:47:28 +0900
  
ActionController::RoutingError (No route matches [GET] "/new"):
  
actionpack (5.0.2) lib/action_dispatch/middleware/debug_exceptions.rb:53:in `call'
web-console (3.5.0) lib/web_console/middleware.rb:135:in `call_app'
web-console (3.5.0) lib/web_console/middleware.rb:28:in `block in call'
web-console (3.5.0) lib/web_console/middleware.rb:18:in `catch'
web-console (3.5.0) lib/web_console/middleware.rb:18:in `call'
actionpack (5.0.2) lib/action_dispatch/middleware/show_exceptions.rb:31:in `call'
railties (5.0.2) lib/rails/rack/logger.rb:36:in `call_app'
railties (5.0.2) lib/rails/rack/logger.rb:24:in `block in call'
activesupport (5.0.2) lib/active_support/tagged_logging.rb:69:in `block in tagged'
activesupport (5.0.2) lib/active_support/tagged_logging.rb:26:in `tagged'
activesupport (5.0.2) lib/active_support/tagged_logging.rb:69:in `tagged'
railties (5.0.2) lib/rails/rack/logger.rb:24:in `call'
sprockets-rails (3.2.0) lib/sprockets/rails/quiet_assets.rb:13:in `call'
actionpack (5.0.2) lib/action_dispatch/middleware/request_id.rb:24:in `call'
rack (2.0.1) lib/rack/method_override.rb:22:in `call'
rack (2.0.1) lib/rack/runtime.rb:22:in `call'
activesupport (5.0.2) lib/active_support/cache/strategy/local_cache_middleware.rb:28:in `call'
actionpack (5.0.2) lib/action_dispatch/middleware/executor.rb:12:in `call'
actionpack (5.0.2) lib/action_dispatch/middleware/static.rb:136:in `call'
rack (2.0.1) lib/rack/sendfile.rb:111:in `call'
railties (5.0.2) lib/rails/engine.rb:522:in `call'
puma (3.8.2) lib/puma/configuration.rb:224:in `call'
puma (3.8.2) lib/puma/server.rb:600:in `handle_request'
puma (3.8.2) lib/puma/server.rb:435:in `process_client'
puma (3.8.2) lib/puma/server.rb:299:in `block in run'
puma (3.8.2) lib/puma/thread_pool.rb:120:in `block in spawn_thread'
  Rendering /Users/jongwon/.rbenv/versions/2.3.1/lib/ruby/gems/2.3.0/gems/actionpack-5.0.2/lib/action_dispatch/middleware/templates/rescues/routing_error.html.erb within rescues/layout
  Rendering /Users/jongwon/.rbenv/versions/2.3.1/lib/ruby/gems/2.3.0/gems/actionpack-5.0.2/lib/action_dispatch/middleware/templates/rescues/_trace.html.erb
  Rendered /Users/jongwon/.rbenv/versions/2.3.1/lib/ruby/gems/2.3.0/gems/actionpack-5.0.2/lib/action_dispatch/middleware/templates/rescues/_trace.html.erb (1.7ms)
  Rendered collection of /Users/jongwon/.rbenv/versions/2.3.1/lib/ruby/gems/2.3.0/gems/actionpack-5.0.2/lib/action_dispatch/middleware/templates/routes/_route.html.erb [4 times] (1.7ms)
  Rendered /Users/jongwon/.rbenv/versions/2.3.1/lib/ruby/gems/2.3.0/gems/actionpack-5.0.2/lib/action_dispatch/middleware/templates/routes/_table.html.erb (1.2ms)
  Rendering /Users/jongwon/.rbenv/versions/2.3.1/lib/ruby/gems/2.3.0/gems/actionpack-5.0.2/lib/action_dispatch/middleware/templates/rescues/_request_and_response.html.erb
  Rendered /Users/jongwon/.rbenv/versions/2.3.1/lib/ruby/gems/2.3.0/gems/actionpack-5.0.2/lib/action_dispatch/middleware/templates/rescues/_request_and_response.html.erb (1.1ms)
  Rendered /Users/jongwon/.rbenv/versions/2.3.1/lib/ruby/gems/2.3.0/gems/actionpack-5.0.2/lib/action_dispatch/middleware/templates/rescues/routing_error.html.erb within rescues/layout (85.2ms)
Started GET "/posts/new" for ::1 at 2017-03-30 15:47:32 +0900
Processing by PostsController#new as HTML
  Rendering posts/new.html.erb within layouts/application
  [1m[36mPost Load (0.2ms)[0m  [1m[34mSELECT "posts".* FROM "posts"[0m
  Rendered posts/new.html.erb within layouts/application (2.2ms)
Completed 200 OK in 20ms (Views: 18.2ms | ActiveRecord: 0.2ms)


Started POST "/posts" for ::1 at 2017-03-30 15:47:37 +0900
Processing by PostsController#create as HTML
  Parameters: {"utf8"=>"✓", "authenticity_token"=>"UvQTIv+KL08YcV9TA4L7V6ax0qLiY5BB7xBZH7saZ9+wMIi8towUdl+hg4ZhmhdxZOEGut9liBn/sVENQ+E8sw==", "post"=>{"body"=>"article2"}, "commit"=>"submit"}
  [1m[35m (0.1ms)[0m  [1m[36mbegin transaction[0m
  [1m[35mSQL (0.3ms)[0m  [1m[32mINSERT INTO "posts" ("body", "created_at", "updated_at") VALUES (?, ?, ?)[0m  [["body", "article2"], ["created_at", 2017-03-30 06:47:37 UTC], ["updated_at", 2017-03-30 06:47:37 UTC]]
  [1m[35m (0.5ms)[0m  [1m[36mcommit transaction[0m
Redirected to http://localhost:3000/main
Completed 302 Found in 4ms (ActiveRecord: 0.8ms)


Started GET "/main" for ::1 at 2017-03-30 15:47:37 +0900
Processing by PostsController#index as HTML
  Rendering posts/index.html.erb within layouts/application
  [1m[36mPost Load (0.2ms)[0m  [1m[34mSELECT "posts".* FROM "posts"[0m
  Rendered posts/index.html.erb within layouts/application (1.1ms)
Completed 200 OK in 20ms (Views: 18.6ms | ActiveRecord: 0.2ms)


Started GET "/posts/new" for ::1 at 2017-03-30 15:47:39 +0900
Processing by PostsController#new as HTML
  Rendering posts/new.html.erb within layouts/application
  [1m[36mPost Load (0.2ms)[0m  [1m[34mSELECT "posts".* FROM "posts"[0m
  Rendered posts/new.html.erb within layouts/application (1.8ms)
Completed 200 OK in 19ms (Views: 17.3ms | ActiveRecord: 0.2ms)


Started GET "/posts/new" for ::1 at 2017-03-30 15:48:00 +0900
Processing by PostsController#new as HTML
  Rendering posts/new.html.erb within layouts/application
  [1m[36mPost Load (0.1ms)[0m  [1m[34mSELECT "posts".* FROM "posts"[0m
  Rendered posts/new.html.erb within layouts/application (3.6ms)
Completed 200 OK in 36ms (Views: 26.1ms | ActiveRecord: 0.9ms)


Started POST "/posts" for ::1 at 2017-03-30 15:48:04 +0900
Processing by PostsController#create as HTML
  Parameters: {"utf8"=>"✓", "authenticity_token"=>"rtMfUpqIHrLxbRh54VE3xXwpmB3mEL5xzsj5FMYPQXpMF4TM044li7a9xKyDSdvjvnlMBdsWpineafEGPvQaFg==", "post"=>{"body"=>"article3"}, "commit"=>"submit"}
  [1m[35m (0.1ms)[0m  [1m[36mbegin transaction[0m
  [1m[35mSQL (0.3ms)[0m  [1m[32mINSERT INTO "posts" ("body", "created_at", "updated_at") VALUES (?, ?, ?)[0m  [["body", "article3"], ["created_at", 2017-03-30 06:48:04 UTC], ["updated_at", 2017-03-30 06:48:04 UTC]]
  [1m[35m (0.5ms)[0m  [1m[36mcommit transaction[0m
DEPRECATION WARNING: `redirect_to :back` is deprecated and will be removed from Rails 5.1. Please use `redirect_back(fallback_location: fallback_location)` where `fallback_location` represents the location to use if the request has no HTTP referer information. (called from create at /Users/jongwon/RubymineProjects/bamboo/app/controllers/posts_controller.rb:15)
Redirected to http://localhost:3000/posts/new
Completed 302 Found in 3ms (ActiveRecord: 0.9ms)


Started GET "/posts/new" for ::1 at 2017-03-30 15:48:04 +0900
Processing by PostsController#new as HTML
  Rendering posts/new.html.erb within layouts/application
  [1m[36mPost Load (0.2ms)[0m  [1m[34mSELECT "posts".* FROM "posts"[0m
  Rendered posts/new.html.erb within layouts/application (2.2ms)
Completed 200 OK in 25ms (Views: 22.0ms | ActiveRecord: 0.2ms)


Started POST "/posts" for ::1 at 2017-03-30 15:48:10 +0900
Processing by PostsController#create as HTML
  Parameters: {"utf8"=>"✓", "authenticity_token"=>"qBPn/KT9CEeRWCBdaO6FxGWYK3tKgn8/Sqx3WkEbx6RK13xi7fszftaI/IgK9mnip8j/Y3eEZ2daDX9IueCcyA==", "post"=>{"body"=>"article4"}, "commit"=>"submit"}
  [1m[35m (0.1ms)[0m  [1m[36mbegin transaction[0m
  [1m[35mSQL (0.5ms)[0m  [1m[32mINSERT INTO "posts" ("body", "created_at", "updated_at") VALUES (?, ?, ?)[0m  [["body", "article4"], ["created_at", 2017-03-30 06:48:10 UTC], ["updated_at", 2017-03-30 06:48:10 UTC]]
  [1m[35m (0.6ms)[0m  [1m[36mcommit transaction[0m
DEPRECATION WARNING: `redirect_to :back` is deprecated and will be removed from Rails 5.1. Please use `redirect_back(fallback_location: fallback_location)` where `fallback_location` represents the location to use if the request has no HTTP referer information. (called from create at /Users/jongwon/RubymineProjects/bamboo/app/controllers/posts_controller.rb:15)
Redirected to http://localhost:3000/posts/new
Completed 302 Found in 6ms (ActiveRecord: 1.2ms)


Started GET "/posts/new" for ::1 at 2017-03-30 15:48:10 +0900
Processing by PostsController#new as HTML
  Rendering posts/new.html.erb within layouts/application
  [1m[36mPost Load (0.2ms)[0m  [1m[34mSELECT "posts".* FROM "posts"[0m
  Rendered posts/new.html.erb within layouts/application (2.4ms)
Completed 200 OK in 25ms (Views: 22.7ms | ActiveRecord: 0.2ms)


Started POST "/posts" for ::1 at 2017-03-30 15:48:22 +0900
Processing by PostsController#create as HTML
  Parameters: {"utf8"=>"✓", "authenticity_token"=>"KcXDhr0M7/dKx2o9ml0UuitfqDEFzP1PKIUOhST46OfLAVgY9ArUzg0Xtuj4Rfic6Q98KTjK5Rc4JAaX3AOziw==", "post"=>{"body"=>"article5"}, "commit"=>"submit"}
  [1m[35m (0.1ms)[0m  [1m[36mbegin transaction[0m
  [1m[35mSQL (0.4ms)[0m  [1m[32mINSERT INTO "posts" ("body", "created_at", "updated_at") VALUES (?, ?, ?)[0m  [["body", "article5"], ["created_at", 2017-03-30 06:48:22 UTC], ["updated_at", 2017-03-30 06:48:22 UTC]]
  [1m[35m (0.6ms)[0m  [1m[36mcommit transaction[0m
DEPRECATION WARNING: `redirect_to :back` is deprecated and will be removed from Rails 5.1. Please use `redirect_back(fallback_location: fallback_location)` where `fallback_location` represents the location to use if the request has no HTTP referer information. (called from create at /Users/jongwon/RubymineProjects/bamboo/app/controllers/posts_controller.rb:15)
Redirected to http://localhost:3000/posts/new
Completed 302 Found in 3ms (ActiveRecord: 1.1ms)


Started GET "/posts/new" for ::1 at 2017-03-30 15:48:22 +0900
Processing by PostsController#new as HTML
  Rendering posts/new.html.erb within layouts/application
  [1m[36mPost Load (0.2ms)[0m  [1m[34mSELECT "posts".* FROM "posts"[0m
  Rendered posts/new.html.erb within layouts/application (2.0ms)
Completed 200 OK in 23ms (Views: 21.3ms | ActiveRecord: 0.2ms)


Started GET "/posts/new" for ::1 at 2017-03-30 15:48:26 +0900
Processing by PostsController#new as HTML
  Rendering posts/new.html.erb within layouts/application
  [1m[36mPost Load (0.3ms)[0m  [1m[34mSELECT "posts".* FROM "posts"[0m
  Rendered posts/new.html.erb within layouts/application (13.1ms)
Completed 200 OK in 38ms (Views: 36.1ms | ActiveRecord: 0.3ms)


Started GET "/posts/new" for ::1 at 2017-03-30 15:48:48 +0900
Processing by PostsController#new as HTML
  Rendering posts/new.html.erb within layouts/application
  Rendered posts/new.html.erb within layouts/application (1.2ms)
Completed 200 OK in 26ms (Views: 24.2ms | ActiveRecord: 0.0ms)


Started GET "/posts/new" for ::1 at 2017-03-30 15:48:51 +0900
Processing by PostsController#new as HTML
  Rendering posts/new.html.erb within layouts/application
  Rendered posts/new.html.erb within layouts/application (1.2ms)
Completed 200 OK in 21ms (Views: 19.7ms | ActiveRecord: 0.0ms)


Started POST "/posts" for ::1 at 2017-03-30 15:48:56 +0900
Processing by PostsController#create as HTML
  Parameters: {"utf8"=>"✓", "authenticity_token"=>"pOumTOd1ptt7Bq+0EBB537GQ5iUa06lYH7Lgp+zBg8lGLz3SrnOd4jzWc2FyCJX5c8AyPSfVsQAPE+i1FDrYpQ==", "post"=>{"body"=>"article6"}, "commit"=>"submit"}
  [1m[35m (0.1ms)[0m  [1m[36mbegin transaction[0m
  [1m[35mSQL (1.6ms)[0m  [1m[32mINSERT INTO "posts" ("body", "created_at", "updated_at") VALUES (?, ?, ?)[0m  [["body", "article6"], ["created_at", 2017-03-30 06:48:56 UTC], ["updated_at", 2017-03-30 06:48:56 UTC]]
  [1m[35m (0.6ms)[0m  [1m[36mcommit transaction[0m
DEPRECATION WARNING: `redirect_to :back` is deprecated and will be removed from Rails 5.1. Please use `redirect_back(fallback_location: fallback_location)` where `fallback_location` represents the location to use if the request has no HTTP referer information. (called from create at /Users/jongwon/RubymineProjects/bamboo/app/controllers/posts_controller.rb:15)
Redirected to http://localhost:3000/posts/new
Completed 302 Found in 6ms (ActiveRecord: 2.4ms)


Started GET "/posts/new" for ::1 at 2017-03-30 15:48:56 +0900
Processing by PostsController#new as HTML
  Rendering posts/new.html.erb within layouts/application
  Rendered posts/new.html.erb within layouts/application (1.4ms)
Completed 200 OK in 25ms (Views: 22.2ms | ActiveRecord: 0.0ms)


Started GET "/main" for ::1 at 2017-03-30 15:49:02 +0900
Processing by PostsController#index as HTML
  Rendering posts/index.html.erb within layouts/application
  [1m[36mPost Load (0.2ms)[0m  [1m[34mSELECT "posts".* FROM "posts"[0m
  Rendered posts/index.html.erb within layouts/application (1.0ms)
Completed 200 OK in 18ms (Views: 16.0ms | ActiveRecord: 0.2ms)


Started GET "/main" for ::1 at 2017-03-30 15:49:04 +0900
Processing by PostsController#index as HTML
  Rendering posts/index.html.erb within layouts/application
  [1m[36mPost Load (0.2ms)[0m  [1m[34mSELECT "posts".* FROM "posts"[0m
  Rendered posts/index.html.erb within layouts/application (1.4ms)
Completed 200 OK in 20ms (Views: 18.3ms | ActiveRecord: 0.2ms)


Started GET "/main" for ::1 at 2017-03-30 15:50:34 +0900
Processing by PostsController#index as HTML
  Rendering posts/index.html.erb within layouts/application
  [1m[36mPost Load (0.2ms)[0m  [1m[34mSELECT "posts".* FROM "posts"[0m
  Rendered posts/index.html.erb within layouts/application (1.3ms)
Completed 200 OK in 23ms (Views: 21.7ms | ActiveRecord: 0.2ms)


Started GET "/posts/new" for ::1 at 2017-03-30 15:50:35 +0900
Processing by PostsController#new as HTML
  Rendering posts/new.html.erb within layouts/application
  Rendered posts/new.html.erb within layouts/application (1.2ms)
Completed 200 OK in 28ms (Views: 26.3ms | ActiveRecord: 0.0ms)


Started GET "/main" for ::1 at 2017-03-30 15:50:36 +0900
Processing by PostsController#index as HTML
  Rendering posts/index.html.erb within layouts/application
  [1m[36mPost Load (0.3ms)[0m  [1m[34mSELECT "posts".* FROM "posts"[0m
  Rendered posts/index.html.erb within layouts/application (2.2ms)
Completed 200 OK in 31ms (Views: 29.2ms | ActiveRecord: 0.3ms)


Started GET "/posts/new" for ::1 at 2017-03-30 15:50:36 +0900
Processing by PostsController#new as HTML
  Rendering posts/new.html.erb within layouts/application
  Rendered posts/new.html.erb within layouts/application (1.3ms)
Completed 200 OK in 35ms (Views: 33.1ms | ActiveRecord: 0.0ms)


Started GET "/main" for ::1 at 2017-03-30 15:50:37 +0900
Processing by PostsController#index as HTML
  Rendering posts/index.html.erb within layouts/application
  [1m[36mPost Load (0.2ms)[0m  [1m[34mSELECT "posts".* FROM "posts"[0m
  Rendered posts/index.html.erb within layouts/application (1.2ms)
Completed 200 OK in 29ms (Views: 27.1ms | ActiveRecord: 0.2ms)


Started GET "/posts/new" for ::1 at 2017-03-30 15:50:37 +0900
Processing by PostsController#new as HTML
  Rendering posts/new.html.erb within layouts/application
  Rendered posts/new.html.erb within layouts/application (0.9ms)
Completed 200 OK in 40ms (Views: 37.9ms | ActiveRecord: 0.0ms)


Started GET "/main" for ::1 at 2017-03-30 15:50:38 +0900
Processing by PostsController#index as HTML
  Rendering posts/index.html.erb within layouts/application
  [1m[36mPost Load (0.3ms)[0m  [1m[34mSELECT "posts".* FROM "posts"[0m
  Rendered posts/index.html.erb within layouts/application (1.9ms)
Completed 200 OK in 39ms (Views: 36.6ms | ActiveRecord: 0.3ms)


Started GET "/posts/new" for ::1 at 2017-03-30 15:50:38 +0900
Processing by PostsController#new as HTML
  Rendering posts/new.html.erb within layouts/application
  Rendered posts/new.html.erb within layouts/application (1.3ms)
Completed 200 OK in 32ms (Views: 30.1ms | ActiveRecord: 0.0ms)


Started GET "/main" for ::1 at 2017-03-30 15:50:38 +0900
Processing by PostsController#index as HTML
  Rendering posts/index.html.erb within layouts/application
  [1m[36mPost Load (0.2ms)[0m  [1m[34mSELECT "posts".* FROM "posts"[0m
  Rendered posts/index.html.erb within layouts/application (1.4ms)
Completed 200 OK in 34ms (Views: 32.0ms | ActiveRecord: 0.2ms)


Started GET "/main" for ::1 at 2017-03-30 15:50:39 +0900
Processing by PostsController#index as HTML
  Rendering posts/index.html.erb within layouts/application
  [1m[36mPost Load (0.2ms)[0m  [1m[34mSELECT "posts".* FROM "posts"[0m
  Rendered posts/index.html.erb within layouts/application (1.3ms)
Completed 200 OK in 32ms (Views: 29.7ms | ActiveRecord: 0.2ms)


Started GET "/posts/new" for ::1 at 2017-03-30 15:50:39 +0900
Processing by PostsController#new as HTML
  Rendering posts/new.html.erb within layouts/application
  Rendered posts/new.html.erb within layouts/application (1.1ms)
Completed 200 OK in 31ms (Views: 29.3ms | ActiveRecord: 0.0ms)


Started GET "/main" for ::1 at 2017-03-30 15:50:40 +0900
Processing by PostsController#index as HTML
  Rendering posts/index.html.erb within layouts/application
  [1m[36mPost Load (0.3ms)[0m  [1m[34mSELECT "posts".* FROM "posts"[0m
  Rendered posts/index.html.erb within layouts/application (1.6ms)
Completed 200 OK in 29ms (Views: 26.9ms | ActiveRecord: 0.3ms)


Started GET "/main" for ::1 at 2017-03-30 15:51:03 +0900
Processing by PostsController#index as HTML
  Rendering posts/index.html.erb within layouts/application
  [1m[36mPost Load (0.2ms)[0m  [1m[34mSELECT "posts".* FROM "posts"[0m
  Rendered posts/index.html.erb within layouts/application (1.4ms)
Completed 200 OK in 28ms (Views: 25.3ms | ActiveRecord: 0.2ms)


Started GET "/main" for ::1 at 2017-03-30 15:51:15 +0900
Processing by PostsController#index as HTML
  Rendering posts/index.html.erb within layouts/application
  [1m[36mPost Load (0.3ms)[0m  [1m[34mSELECT "posts".* FROM "posts"[0m
  Rendered posts/index.html.erb within layouts/application (1.8ms)
Completed 200 OK in 24ms (Views: 21.8ms | ActiveRecord: 0.3ms)


  [1m[36mPost Load (1.7ms)[0m  [1m[34mSELECT "posts".* FROM "posts"[0m
  [1m[36mPost Load (0.3ms)[0m  [1m[34mSELECT  "posts".* FROM "posts" WHERE "posts"."id" = ? LIMIT ?[0m  [["id", 1], ["LIMIT", 1]]
Started GET "/" for ::1 at 2017-03-30 21:51:49 +0900
Processing by PostsController#index as HTML
  Rendering posts/index.html.erb within layouts/application
  [1m[36mPost Load (0.3ms)[0m  [1m[34mSELECT "posts".* FROM "posts"[0m
  Rendered posts/index.html.erb within layouts/application (4.6ms)
Completed 200 OK in 37ms (Views: 32.3ms | ActiveRecord: 0.7ms)


Started GET "/posts/new" for ::1 at 2017-03-30 21:51:51 +0900
Processing by PostsController#new as HTML
  Rendering posts/new.html.erb within layouts/application
  Rendered posts/new.html.erb within layouts/application (3.8ms)
Completed 500 Internal Server Error in 10ms (ActiveRecord: 0.0ms)


  
ActionView::Template::Error (undefined method `each' for nil:NilClass):
    4: <% end %>
    5: 
    6: <div>
    7:   <% @posts.each do |p| %>
    8:       <%= p.body %> <br>
    9:   <% end %>
   10: </div>
  
app/views/posts/new.html.erb:7:in `_app_views_posts_new_html_erb___3728071230904984492_70173585373180'
  Rendering /Users/jongwon/.rbenv/versions/2.3.1/lib/ruby/gems/2.3.0/gems/actionpack-5.0.2/lib/action_dispatch/middleware/templates/rescues/template_error.html.erb within rescues/layout
  Rendering /Users/jongwon/.rbenv/versions/2.3.1/lib/ruby/gems/2.3.0/gems/actionpack-5.0.2/lib/action_dispatch/middleware/templates/rescues/_source.html.erb
  Rendered /Users/jongwon/.rbenv/versions/2.3.1/lib/ruby/gems/2.3.0/gems/actionpack-5.0.2/lib/action_dispatch/middleware/templates/rescues/_source.html.erb (3.7ms)
  Rendering /Users/jongwon/.rbenv/versions/2.3.1/lib/ruby/gems/2.3.0/gems/actionpack-5.0.2/lib/action_dispatch/middleware/templates/rescues/_trace.html.erb
  Rendered /Users/jongwon/.rbenv/versions/2.3.1/lib/ruby/gems/2.3.0/gems/actionpack-5.0.2/lib/action_dispatch/middleware/templates/rescues/_trace.html.erb (1.9ms)
  Rendering /Users/jongwon/.rbenv/versions/2.3.1/lib/ruby/gems/2.3.0/gems/actionpack-5.0.2/lib/action_dispatch/middleware/templates/rescues/_request_and_response.html.erb
  Rendered /Users/jongwon/.rbenv/versions/2.3.1/lib/ruby/gems/2.3.0/gems/actionpack-5.0.2/lib/action_dispatch/middleware/templates/rescues/_request_and_response.html.erb (0.9ms)
  Rendered /Users/jongwon/.rbenv/versions/2.3.1/lib/ruby/gems/2.3.0/gems/actionpack-5.0.2/lib/action_dispatch/middleware/templates/rescues/template_error.html.erb within rescues/layout (66.1ms)
Started GET "/posts/new" for ::1 at 2017-03-30 21:52:00 +0900
Processing by PostsController#new as HTML
  Rendering posts/new.html.erb within layouts/application
  [1m[36mPost Load (0.1ms)[0m  [1m[34mSELECT "posts".* FROM "posts"[0m
  Rendered posts/new.html.erb within layouts/application (1.9ms)
Completed 200 OK in 25ms (Views: 17.2ms | ActiveRecord: 1.1ms)


Started GET "/posts/new" for ::1 at 2017-03-30 21:52:13 +0900
Processing by PostsController#new as HTML
  Rendering posts/new.html.erb within layouts/application
  [1m[36mPost Load (0.2ms)[0m  [1m[34mSELECT "posts".* FROM "posts"[0m
  Rendered posts/new.html.erb within layouts/application (1.6ms)
Completed 200 OK in 19ms (Views: 16.9ms | ActiveRecord: 0.2ms)


Started GET "/posts/new" for ::1 at 2017-03-30 21:52:22 +0900
Processing by PostsController#new as HTML
  Rendering posts/new.html.erb within layouts/application
  [1m[36mPost Load (0.1ms)[0m  [1m[34mSELECT "posts".* FROM "posts"[0m
  Rendered posts/new.html.erb within layouts/application (1.5ms)
Completed 200 OK in 19ms (Views: 16.9ms | ActiveRecord: 0.1ms)


Started GET "/posts/new" for ::1 at 2017-03-30 21:52:47 +0900
Processing by PostsController#new as HTML
  Rendering posts/new.html.erb within layouts/application
  Rendered posts/new.html.erb within layouts/application (5.8ms)
Completed 500 Internal Server Error in 10ms (ActiveRecord: 0.0ms)


  
ActionView::Template::Error (undefined method `title' for #<Post id: nil, body: nil, created_at: nil, updated_at: nil>):
    1: <%= form_for @post do |f| %>
    2:   <%= f.text_field :title %>
    3:   <%= f.text_field :body %>
    4:   <%= f.submit 'submit' %>
    5: <% end %>
  
app/views/posts/new.html.erb:2:in `block in _app_views_posts_new_html_erb___3728071230904984492_70173522900540'
app/views/posts/new.html.erb:1:in `_app_views_posts_new_html_erb___3728071230904984492_70173522900540'
  Rendering /Users/jongwon/.rbenv/versions/2.3.1/lib/ruby/gems/2.3.0/gems/actionpack-5.0.2/lib/action_dispatch/middleware/templates/rescues/template_error.html.erb within rescues/layout
  Rendering /Users/jongwon/.rbenv/versions/2.3.1/lib/ruby/gems/2.3.0/gems/actionpack-5.0.2/lib/action_dispatch/middleware/templates/rescues/_source.html.erb
  Rendered /Users/jongwon/.rbenv/versions/2.3.1/lib/ruby/gems/2.3.0/gems/actionpack-5.0.2/lib/action_dispatch/middleware/templates/rescues/_source.html.erb (3.8ms)
  Rendering /Users/jongwon/.rbenv/versions/2.3.1/lib/ruby/gems/2.3.0/gems/actionpack-5.0.2/lib/action_dispatch/middleware/templates/rescues/_trace.html.erb
  Rendered /Users/jongwon/.rbenv/versions/2.3.1/lib/ruby/gems/2.3.0/gems/actionpack-5.0.2/lib/action_dispatch/middleware/templates/rescues/_trace.html.erb (2.1ms)
  Rendering /Users/jongwon/.rbenv/versions/2.3.1/lib/ruby/gems/2.3.0/gems/actionpack-5.0.2/lib/action_dispatch/middleware/templates/rescues/_request_and_response.html.erb
  Rendered /Users/jongwon/.rbenv/versions/2.3.1/lib/ruby/gems/2.3.0/gems/actionpack-5.0.2/lib/action_dispatch/middleware/templates/rescues/_request_and_response.html.erb (0.8ms)
  Rendered /Users/jongwon/.rbenv/versions/2.3.1/lib/ruby/gems/2.3.0/gems/actionpack-5.0.2/lib/action_dispatch/middleware/templates/rescues/template_error.html.erb within rescues/layout (71.6ms)
  [1m[36mActiveRecord::SchemaMigration Load (0.1ms)[0m  [1m[34mSELECT "schema_migrations".* FROM "schema_migrations"[0m
  [1m[35m (0.2ms)[0m  [1m[34mSELECT "ar_internal_metadata"."value" FROM "ar_internal_metadata" WHERE "ar_internal_metadata"."key" = ?[0m  [["key", :environment]]
  [1m[36mActiveRecord::SchemaMigration Load (0.1ms)[0m  [1m[34mSELECT "schema_migrations".* FROM "schema_migrations"[0m
  [1m[35m (0.1ms)[0m  [1m[34mSELECT "ar_internal_metadata"."value" FROM "ar_internal_metadata" WHERE "ar_internal_metadata"."key" = ?[0m  [["key", :environment]]
  [1m[36mActiveRecord::SchemaMigration Load (0.1ms)[0m  [1m[34mSELECT "schema_migrations".* FROM "schema_migrations"[0m
  [1m[35m (0.1ms)[0m  [1m[34mSELECT "ar_internal_metadata"."value" FROM "ar_internal_metadata" WHERE "ar_internal_metadata"."key" = ?[0m  [["key", :environment]]
DEPRECATION WARNING: Passing #original_exception is deprecated and has no effect. Exceptions will automatically capture the original exception. (called from load at /Users/jongwon/.rbenv/versions/2.3.1/bin/rake:23)
  [1m[35m (1.3ms)[0m  [1m[35mCREATE TABLE "schema_migrations" ("version" varchar NOT NULL PRIMARY KEY)[0m
  [1m[35m (0.9ms)[0m  [1m[35mCREATE TABLE "ar_internal_metadata" ("key" varchar NOT NULL PRIMARY KEY, "value" varchar, "created_at" datetime NOT NULL, "updated_at" datetime NOT NULL)[0m
  [1m[36mActiveRecord::SchemaMigration Load (0.1ms)[0m  [1m[34mSELECT "schema_migrations".* FROM "schema_migrations"[0m
Migrating to CreatePosts (20170330063028)
  [1m[35m (0.0ms)[0m  [1m[36mbegin transaction[0m
  [1m[35m (0.4ms)[0m  [1m[35mCREATE TABLE "posts" ("id" INTEGER PRIMARY KEY AUTOINCREMENT NOT NULL, "title" varchar, "body" varchar, "created_at" datetime NOT NULL, "updated_at" datetime NOT NULL)[0m
  [1m[35mSQL (0.1ms)[0m  [1m[32mINSERT INTO "schema_migrations" ("version") VALUES (?)[0m  [["version", "20170330063028"]]
  [1m[35m (0.7ms)[0m  [1m[36mcommit transaction[0m
  [1m[36mActiveRecord::InternalMetadata Load (0.1ms)[0m  [1m[34mSELECT  "ar_internal_metadata".* FROM "ar_internal_metadata" WHERE "ar_internal_metadata"."key" = ? LIMIT ?[0m  [["key", :environment], ["LIMIT", 1]]
  [1m[35m (0.0ms)[0m  [1m[36mbegin transaction[0m
  [1m[35mSQL (0.2ms)[0m  [1m[32mINSERT INTO "ar_internal_metadata" ("key", "value", "created_at", "updated_at") VALUES (?, ?, ?, ?)[0m  [["key", "environment"], ["value", "development"], ["created_at", 2017-03-30 12:54:04 UTC], ["updated_at", 2017-03-30 12:54:04 UTC]]
  [1m[35m (0.6ms)[0m  [1m[36mcommit transaction[0m
  [1m[36mActiveRecord::SchemaMigration Load (0.1ms)[0m  [1m[34mSELECT "schema_migrations".* FROM "schema_migrations"[0m
Started GET "/posts/new" for ::1 at 2017-03-30 21:54:13 +0900
  [1m[36mActiveRecord::SchemaMigration Load (0.1ms)[0m  [1m[34mSELECT "schema_migrations".* FROM "schema_migrations"[0m
Processing by PostsController#new as HTML
  Rendering posts/new.html.erb within layouts/application
  [1m[36mPost Load (0.1ms)[0m  [1m[34mSELECT "posts".* FROM "posts"[0m
  Rendered posts/new.html.erb within layouts/application (1.8ms)
Completed 200 OK in 36ms (Views: 20.1ms | ActiveRecord: 0.6ms)


Started POST "/posts" for ::1 at 2017-03-30 21:54:27 +0900
Processing by PostsController#create as HTML
  Parameters: {"utf8"=>"✓", "authenticity_token"=>"X8sWACDoPWUIu16cMdh9TWBeP319kbEanGAKkLUOls4ofb/r9Hctk1tcs/5i6hHiGA1/1oNJ8M/yhk73H4fnDQ==", "post"=>{"title"=>"title", "body"=>"body"}, "commit"=>"submit"}
Unpermitted parameter: title
  [1m[35m (0.1ms)[0m  [1m[36mbegin transaction[0m
  [1m[35mSQL (0.3ms)[0m  [1m[32mINSERT INTO "posts" ("body", "created_at", "updated_at") VALUES (?, ?, ?)[0m  [["body", "body"], ["created_at", 2017-03-30 12:54:27 UTC], ["updated_at", 2017-03-30 12:54:27 UTC]]
  [1m[35m (1.3ms)[0m  [1m[36mcommit transaction[0m
Redirected to http://localhost:3000/main
Completed 302 Found in 5ms (ActiveRecord: 1.7ms)


Started GET "/main" for ::1 at 2017-03-30 21:54:27 +0900
Processing by PostsController#index as HTML
  Rendering posts/index.html.erb within layouts/application
  [1m[36mPost Load (0.1ms)[0m  [1m[34mSELECT "posts".* FROM "posts"[0m
  Rendered posts/index.html.erb within layouts/application (1.0ms)
Completed 200 OK in 17ms (Views: 15.7ms | ActiveRecord: 0.1ms)


Started GET "/main" for ::1 at 2017-03-30 21:54:31 +0900
Processing by PostsController#index as HTML
  Rendering posts/index.html.erb within layouts/application
  [1m[36mPost Load (0.1ms)[0m  [1m[34mSELECT "posts".* FROM "posts"[0m
  Rendered posts/index.html.erb within layouts/application (1.1ms)
Completed 200 OK in 26ms (Views: 24.7ms | ActiveRecord: 0.1ms)


  [1m[36mPost Load (1.5ms)[0m  [1m[34mSELECT "posts".* FROM "posts"[0m
Started GET "/posts/new" for ::1 at 2017-03-30 21:55:25 +0900
Processing by PostsController#new as HTML
  Rendering posts/new.html.erb within layouts/application
  [1m[36mPost Load (0.1ms)[0m  [1m[34mSELECT "posts".* FROM "posts"[0m
  Rendered posts/new.html.erb within layouts/application (2.0ms)
Completed 200 OK in 23ms (Views: 21.5ms | ActiveRecord: 0.1ms)


Started POST "/posts" for ::1 at 2017-03-30 21:55:31 +0900
Processing by PostsController#create as HTML
  Parameters: {"utf8"=>"✓", "authenticity_token"=>"l5sM8DmBosvKrloYGOVJk3qpkInjJjzLDuem+wyoeGVm/jLCPqKzJK/nZ9A8+DHIzJ0xAGO4nTxIKGL/FGbChg==", "post"=>{"title"=>"title2", "body"=>"body2"}, "commit"=>"submit"}
Unpermitted parameter: title
  [1m[35m (0.1ms)[0m  [1m[36mbegin transaction[0m
  [1m[35mSQL (0.3ms)[0m  [1m[32mINSERT INTO "posts" ("body", "created_at", "updated_at") VALUES (?, ?, ?)[0m  [["body", "body2"], ["created_at", 2017-03-30 12:55:31 UTC], ["updated_at", 2017-03-30 12:55:31 UTC]]
  [1m[35m (0.5ms)[0m  [1m[36mcommit transaction[0m
Redirected to http://localhost:3000/main
Completed 302 Found in 3ms (ActiveRecord: 0.9ms)


Started GET "/main" for ::1 at 2017-03-30 21:55:31 +0900
Processing by PostsController#index as HTML
  Rendering posts/index.html.erb within layouts/application
  [1m[36mPost Load (0.1ms)[0m  [1m[34mSELECT "posts".* FROM "posts"[0m
  Rendered posts/index.html.erb within layouts/application (1.1ms)
Completed 200 OK in 16ms (Views: 14.2ms | ActiveRecord: 0.1ms)


Started GET "/main" for ::1 at 2017-03-30 21:55:38 +0900
Processing by PostsController#index as HTML
  Rendering posts/index.html.erb within layouts/application
  [1m[36mPost Load (0.1ms)[0m  [1m[34mSELECT "posts".* FROM "posts"[0m
  Rendered posts/index.html.erb within layouts/application (1.1ms)
Completed 200 OK in 18ms (Views: 16.1ms | ActiveRecord: 0.1ms)


Started GET "/main" for ::1 at 2017-03-30 21:55:39 +0900
Processing by PostsController#index as HTML
  Rendering posts/index.html.erb within layouts/application
  [1m[36mPost Load (0.1ms)[0m  [1m[34mSELECT "posts".* FROM "posts"[0m
  Rendered posts/index.html.erb within layouts/application (1.2ms)
Completed 200 OK in 20ms (Views: 18.1ms | ActiveRecord: 0.1ms)


Started GET "/main" for ::1 at 2017-03-30 21:56:09 +0900
Processing by PostsController#index as HTML
  Rendering posts/index.html.erb within layouts/application
  [1m[36mPost Load (0.5ms)[0m  [1m[34mSELECT "posts".* FROM "posts"[0m
  Rendered posts/index.html.erb within layouts/application (5.4ms)
Completed 200 OK in 24ms (Views: 20.0ms | ActiveRecord: 1.0ms)


Started GET "/posts/new" for ::1 at 2017-03-30 21:56:10 +0900
Processing by PostsController#new as HTML
  Rendering posts/new.html.erb within layouts/application
  [1m[36mPost Load (0.2ms)[0m  [1m[34mSELECT "posts".* FROM "posts"[0m
  Rendered posts/new.html.erb within layouts/application (1.9ms)
Completed 200 OK in 27ms (Views: 24.7ms | ActiveRecord: 0.2ms)


Started POST "/posts" for ::1 at 2017-03-30 21:56:17 +0900
Processing by PostsController#create as HTML
  Parameters: {"utf8"=>"✓", "authenticity_token"=>"EvhhV2gr8CDwBjdTOaGNvhAXc4VxZNsdprhrSYtQYFTjnV9lbwjhz5VPCpsdvPXlpiPSDPH6eurgd69Nk57atw==", "post"=>{"title"=>"title3", "body"=>"body3"}, "commit"=>"submit"}
  [1m[35m (0.1ms)[0m  [1m[36mbegin transaction[0m
  [1m[35mSQL (0.3ms)[0m  [1m[32mINSERT INTO "posts" ("title", "body", "created_at", "updated_at") VALUES (?, ?, ?, ?)[0m  [["title", "title3"], ["body", "body3"], ["created_at", 2017-03-30 12:56:17 UTC], ["updated_at", 2017-03-30 12:56:17 UTC]]
  [1m[35m (0.6ms)[0m  [1m[36mcommit transaction[0m
Redirected to http://localhost:3000/main
Completed 302 Found in 3ms (ActiveRecord: 1.0ms)


Started GET "/main" for ::1 at 2017-03-30 21:56:17 +0900
Processing by PostsController#index as HTML
  Rendering posts/index.html.erb within layouts/application
  [1m[36mPost Load (0.1ms)[0m  [1m[34mSELECT "posts".* FROM "posts"[0m
  Rendered posts/index.html.erb within layouts/application (1.2ms)
Completed 200 OK in 18ms (Views: 16.0ms | ActiveRecord: 0.1ms)


Started GET "/main" for ::1 at 2017-03-30 21:57:22 +0900
Processing by PostsController#index as HTML
  Rendering posts/index.html.erb within layouts/application
  [1m[36mPost Load (0.1ms)[0m  [1m[34mSELECT "posts".* FROM "posts"[0m
  Rendered posts/index.html.erb within layouts/application (1.0ms)
Completed 200 OK in 19ms (Views: 16.4ms | ActiveRecord: 0.1ms)


Started GET "/posts/new" for ::1 at 2017-03-30 21:57:23 +0900
Processing by PostsController#new as HTML
  Rendering posts/new.html.erb within layouts/application
  [1m[36mPost Load (0.1ms)[0m  [1m[34mSELECT "posts".* FROM "posts"[0m
  Rendered posts/new.html.erb within layouts/application (1.7ms)
Completed 200 OK in 25ms (Views: 23.6ms | ActiveRecord: 0.1ms)


Started POST "/posts" for ::1 at 2017-03-30 21:57:31 +0900
Processing by PostsController#create as HTML
  Parameters: {"utf8"=>"✓", "authenticity_token"=>"pULpOShCSTaOKT+KpgqNdspN0wli/iHZ9s43HFXW5/hUJ9cLL2FY2etgAkKCF/UtfHlygOJggC6wAfMYTRhdGw==", "post"=>{"title"=>"4", "body"=>"4"}, "commit"=>"submit"}
  [1m[35m (0.1ms)[0m  [1m[36mbegin transaction[0m
  [1m[35mSQL (0.4ms)[0m  [1m[32mINSERT INTO "posts" ("title", "body", "created_at", "updated_at") VALUES (?, ?, ?, ?)[0m  [["title", "4"], ["body", "4"], ["created_at", 2017-03-30 12:57:31 UTC], ["updated_at", 2017-03-30 12:57:31 UTC]]
  [1m[35m (0.5ms)[0m  [1m[36mcommit transaction[0m
Redirected to http://localhost:3000/main
Completed 302 Found in 3ms (ActiveRecord: 1.0ms)


Started GET "/main" for ::1 at 2017-03-30 21:57:31 +0900
Processing by PostsController#index as HTML
  Rendering posts/index.html.erb within layouts/application
  [1m[36mPost Load (0.1ms)[0m  [1m[34mSELECT "posts".* FROM "posts"[0m
  Rendered posts/index.html.erb within layouts/application (0.9ms)
Completed 200 OK in 25ms (Views: 22.9ms | ActiveRecord: 0.1ms)


Started GET "/main" for ::1 at 2017-03-30 21:57:52 +0900
Processing by PostsController#index as HTML
  Rendering posts/index.html.erb within layouts/application
  [1m[36mPost Load (0.1ms)[0m  [1m[34mSELECT "posts".* FROM "posts"[0m
  Rendered posts/index.html.erb within layouts/application (1.0ms)
Completed 200 OK in 19ms (Views: 17.0ms | ActiveRecord: 0.1ms)


Started GET "/main" for ::1 at 2017-03-30 21:58:27 +0900
Processing by PostsController#index as HTML
  Rendering posts/index.html.erb within layouts/application
  [1m[36mPost Load (0.2ms)[0m  [1m[34mSELECT "posts".* FROM "posts"[0m
  Rendered posts/index.html.erb within layouts/application (1.0ms)
Completed 200 OK in 17ms (Views: 15.7ms | ActiveRecord: 0.2ms)


Started GET "/main" for ::1 at 2017-03-30 21:58:34 +0900
Processing by PostsController#index as HTML
  Rendering posts/index.html.erb within layouts/application
  [1m[36mPost Load (0.3ms)[0m  [1m[34mSELECT "posts".* FROM "posts"[0m
  Rendered posts/index.html.erb within layouts/application (1.5ms)
Completed 200 OK in 18ms (Views: 16.3ms | ActiveRecord: 0.3ms)


Started GET "/main" for ::1 at 2017-03-30 21:58:41 +0900
Processing by PostsController#index as HTML
  Rendering posts/index.html.erb within layouts/application
  [1m[36mPost Load (0.1ms)[0m  [1m[34mSELECT "posts".* FROM "posts"[0m
  Rendered posts/index.html.erb within layouts/application (1.1ms)
Completed 200 OK in 18ms (Views: 16.3ms | ActiveRecord: 0.1ms)


Started GET "/main" for ::1 at 2017-03-30 21:58:47 +0900
Processing by PostsController#index as HTML
  Rendering posts/index.html.erb within layouts/application
  [1m[36mPost Load (0.1ms)[0m  [1m[34mSELECT "posts".* FROM "posts"[0m
  Rendered posts/index.html.erb within layouts/application (1.3ms)
Completed 200 OK in 19ms (Views: 17.5ms | ActiveRecord: 0.1ms)


Started GET "/posts/new" for ::1 at 2017-03-30 21:58:49 +0900
Processing by PostsController#new as HTML
  Rendering posts/new.html.erb within layouts/application
  [1m[36mPost Load (0.1ms)[0m  [1m[34mSELECT "posts".* FROM "posts"[0m
  Rendered posts/new.html.erb within layouts/application (1.7ms)
Completed 200 OK in 25ms (Views: 23.6ms | ActiveRecord: 0.1ms)


Started GET "/posts/new" for ::1 at 2017-03-30 21:58:53 +0900
Processing by PostsController#new as HTML
  Rendering posts/new.html.erb within layouts/application
  [1m[36mPost Load (0.2ms)[0m  [1m[34mSELECT "posts".* FROM "posts"[0m
  Rendered posts/new.html.erb within layouts/application (2.1ms)
Completed 200 OK in 20ms (Views: 18.7ms | ActiveRecord: 0.2ms)


Started GET "/posts/new" for ::1 at 2017-03-30 21:59:06 +0900
Processing by PostsController#new as HTML
  Rendering posts/new.html.erb within layouts/application
  [1m[36mPost Load (0.1ms)[0m  [1m[34mSELECT "posts".* FROM "posts"[0m
  Rendered posts/new.html.erb within layouts/application (1.8ms)
Completed 200 OK in 19ms (Views: 16.6ms | ActiveRecord: 0.1ms)


Started POST "/posts" for ::1 at 2017-03-30 21:59:10 +0900
Processing by PostsController#create as HTML
  Parameters: {"utf8"=>"✓", "authenticity_token"=>"CAhOWPVQVGhy/BqGP9gLsDuL20ydXFwivxodBGjgMQx/vuezIc9EniEb9+Rs6mcfQ9ib52OEHffR/FljwmlAzw==", "post"=>{"title"=>"dfdmf", "body"=>"dsfkdsklf"}, "commit"=>"submit"}
  [1m[35m (0.1ms)[0m  [1m[36mbegin transaction[0m
  [1m[35mSQL (0.3ms)[0m  [1m[32mINSERT INTO "posts" ("title", "body", "created_at", "updated_at") VALUES (?, ?, ?, ?)[0m  [["title", "dfdmf"], ["body", "dsfkdsklf"], ["created_at", 2017-03-30 12:59:10 UTC], ["updated_at", 2017-03-30 12:59:10 UTC]]
  [1m[35m (0.6ms)[0m  [1m[36mcommit transaction[0m
Redirected to http://localhost:3000/main
Completed 302 Found in 3ms (ActiveRecord: 1.0ms)


Started GET "/main" for ::1 at 2017-03-30 21:59:10 +0900
Processing by PostsController#index as HTML
  Rendering posts/index.html.erb within layouts/application
  [1m[36mPost Load (0.1ms)[0m  [1m[34mSELECT "posts".* FROM "posts"[0m
  Rendered posts/index.html.erb within layouts/application (1.0ms)
Completed 200 OK in 19ms (Views: 17.5ms | ActiveRecord: 0.1ms)


Started GET "/posts/new" for ::1 at 2017-03-30 21:59:36 +0900
Processing by PostsController#new as HTML
  Rendering posts/new.html.erb within layouts/application
  [1m[36mPost Load (0.1ms)[0m  [1m[34mSELECT "posts".* FROM "posts"[0m
  Rendered posts/new.html.erb within layouts/application (2.1ms)
Completed 200 OK in 34ms (Views: 25.5ms | ActiveRecord: 0.8ms)


Started POST "/posts" for ::1 at 2017-03-30 21:59:39 +0900
Processing by PostsController#create as HTML
  Parameters: {"utf8"=>"✓", "authenticity_token"=>"GG3CXVtBm3DsMZzJh3AlrJ0FrORMIKirRk0d/Mn3m7Rv22u2j96Lhr/WcavUQkkD5VbsT7L46X4oq1mbY37qdw==", "post"=>{"title"=>"dfd", "body"=>"sfdf"}, "commit"=>"submit"}
  [1m[35m (0.1ms)[0m  [1m[36mbegin transaction[0m
  [1m[35mSQL (0.7ms)[0m  [1m[32mINSERT INTO "posts" ("title", "body", "created_at", "updated_at") VALUES (?, ?, ?, ?)[0m  [["title", "dfd"], ["body", "sfdf"], ["created_at", 2017-03-30 12:59:39 UTC], ["updated_at", 2017-03-30 12:59:39 UTC]]
  [1m[35m (0.5ms)[0m  [1m[36mcommit transaction[0m
DEPRECATION WARNING: `redirect_to :back` is deprecated and will be removed from Rails 5.1. Please use `redirect_back(fallback_location: fallback_location)` where `fallback_location` represents the location to use if the request has no HTTP referer information. (called from create at /Users/jongwon/RubymineProjects/bamboo/app/controllers/posts_controller.rb:15)
Redirected to http://localhost:3000/posts/new
Completed 302 Found in 4ms (ActiveRecord: 1.2ms)


Started GET "/posts/new" for ::1 at 2017-03-30 21:59:39 +0900
Processing by PostsController#new as HTML
  Rendering posts/new.html.erb within layouts/application
  [1m[36mPost Load (0.2ms)[0m  [1m[34mSELECT "posts".* FROM "posts"[0m
  Rendered posts/new.html.erb within layouts/application (2.0ms)
Completed 200 OK in 21ms (Views: 19.2ms | ActiveRecord: 0.2ms)


Started GET "/posts/new" for ::1 at 2017-03-30 21:59:55 +0900
Processing by PostsController#new as HTML
  Rendering posts/new.html.erb within layouts/application
  [1m[36mPost Load (0.2ms)[0m  [1m[34mSELECT "posts".* FROM "posts"[0m
  Rendered posts/new.html.erb within layouts/application (2.6ms)
Completed 200 OK in 28ms (Views: 18.5ms | ActiveRecord: 0.9ms)


Started POST "/posts" for ::1 at 2017-03-30 21:59:58 +0900
Processing by PostsController#create as HTML
  Parameters: {"utf8"=>"✓", "authenticity_token"=>"+JAR4fD7qfcFxii0W+ys+Rl2p+n/qnf/XqnSaCFjhdePJrgKJGS5AVYhxdYI3sBWYSXnQgFyNiowT5YPi+r0FA==", "post"=>{"title"=>"dfd", "body"=>"df"}, "commit"=>"submit"}
  [1m[35m (0.1ms)[0m  [1m[36mbegin transaction[0m
  [1m[35mSQL (0.4ms)[0m  [1m[32mINSERT INTO "posts" ("title", "body", "created_at", "updated_at") VALUES (?, ?, ?, ?)[0m  [["title", "dfd"], ["body", "df"], ["created_at", 2017-03-30 12:59:58 UTC], ["updated_at", 2017-03-30 12:59:58 UTC]]
  [1m[35m (0.5ms)[0m  [1m[36mcommit transaction[0m
Redirected to 
Completed 500 Internal Server Error in 99ms (ActiveRecord: 1.0ms)


  
NoMethodError (undefined method `new_posts_url' for #<PostsController:0x007fa520029d70>
Did you mean?  new_post_url):
  
app/controllers/posts_controller.rb:15:in `create'
  Rendering /Users/jongwon/.rbenv/versions/2.3.1/lib/ruby/gems/2.3.0/gems/actionpack-5.0.2/lib/action_dispatch/middleware/templates/rescues/diagnostics.html.erb within rescues/layout
  Rendering /Users/jongwon/.rbenv/versions/2.3.1/lib/ruby/gems/2.3.0/gems/actionpack-5.0.2/lib/action_dispatch/middleware/templates/rescues/_source.html.erb
  Rendered /Users/jongwon/.rbenv/versions/2.3.1/lib/ruby/gems/2.3.0/gems/actionpack-5.0.2/lib/action_dispatch/middleware/templates/rescues/_source.html.erb (3.3ms)
  Rendering /Users/jongwon/.rbenv/versions/2.3.1/lib/ruby/gems/2.3.0/gems/actionpack-5.0.2/lib/action_dispatch/middleware/templates/rescues/_trace.html.erb
  Rendered /Users/jongwon/.rbenv/versions/2.3.1/lib/ruby/gems/2.3.0/gems/actionpack-5.0.2/lib/action_dispatch/middleware/templates/rescues/_trace.html.erb (2.7ms)
  Rendering /Users/jongwon/.rbenv/versions/2.3.1/lib/ruby/gems/2.3.0/gems/actionpack-5.0.2/lib/action_dispatch/middleware/templates/rescues/_request_and_response.html.erb
  Rendered /Users/jongwon/.rbenv/versions/2.3.1/lib/ruby/gems/2.3.0/gems/actionpack-5.0.2/lib/action_dispatch/middleware/templates/rescues/_request_and_response.html.erb (1.9ms)
  Rendered /Users/jongwon/.rbenv/versions/2.3.1/lib/ruby/gems/2.3.0/gems/actionpack-5.0.2/lib/action_dispatch/middleware/templates/rescues/diagnostics.html.erb within rescues/layout (136.1ms)
Started GET "/posts/new" for ::1 at 2017-03-30 22:00:06 +0900
Processing by PostsController#new as HTML
  Rendering posts/new.html.erb within layouts/application
  [1m[36mPost Load (0.2ms)[0m  [1m[34mSELECT "posts".* FROM "posts"[0m
  Rendered posts/new.html.erb within layouts/application (2.6ms)
Completed 200 OK in 36ms (Views: 24.8ms | ActiveRecord: 1.0ms)


Started POST "/posts" for ::1 at 2017-03-30 22:00:08 +0900
Processing by PostsController#create as HTML
  Parameters: {"utf8"=>"✓", "authenticity_token"=>"dGB/1UZRAVR88mHBo/PYJ5D7T0ohhoOMYtsU7ytXKiYD1tY+ks4Roi8VjKPwwbSI6KgP4d9ewlkMPVCIgd5b5Q==", "post"=>{"title"=>"dfdf", "body"=>"df"}, "commit"=>"submit"}
  [1m[35m (0.1ms)[0m  [1m[36mbegin transaction[0m
  [1m[35mSQL (0.3ms)[0m  [1m[32mINSERT INTO "posts" ("title", "body", "created_at", "updated_at") VALUES (?, ?, ?, ?)[0m  [["title", "dfdf"], ["body", "df"], ["created_at", 2017-03-30 13:00:08 UTC], ["updated_at", 2017-03-30 13:00:08 UTC]]
  [1m[35m (0.6ms)[0m  [1m[36mcommit transaction[0m
Redirected to http://localhost:3000/posts/new
Completed 302 Found in 4ms (ActiveRecord: 1.0ms)


Started GET "/posts/new" for ::1 at 2017-03-30 22:00:08 +0900
Processing by PostsController#new as HTML
  Rendering posts/new.html.erb within layouts/application
  [1m[36mPost Load (0.2ms)[0m  [1m[34mSELECT "posts".* FROM "posts"[0m
  Rendered posts/new.html.erb within layouts/application (2.5ms)
Completed 200 OK in 23ms (Views: 21.0ms | ActiveRecord: 0.2ms)


Started GET "/posts/new" for ::1 at 2017-03-30 22:01:00 +0900
Processing by PostsController#new as HTML
  Rendering posts/new.html.erb within layouts/application
  [1m[36mPost Load (0.1ms)[0m  [1m[34mSELECT "posts".* FROM "posts"[0m
  Rendered posts/new.html.erb within layouts/application (2.3ms)
Completed 200 OK in 27ms (Views: 17.9ms | ActiveRecord: 0.9ms)


Started GET "/posts/new" for ::1 at 2017-03-30 22:01:35 +0900
Processing by PostsController#new as HTML
  Rendering posts/new.html.erb within layouts/application
  [1m[36mPost Load (0.2ms)[0m  [1m[34mSELECT "posts".* FROM "posts"[0m
  Rendered posts/new.html.erb within layouts/application (2.1ms)
Completed 200 OK in 18ms (Views: 16.4ms | ActiveRecord: 0.2ms)


Started GET "/main" for ::1 at 2017-03-30 22:01:38 +0900
Processing by PostsController#index as HTML
  Rendering posts/index.html.erb within layouts/application
  [1m[36mPost Load (0.1ms)[0m  [1m[34mSELECT "posts".* FROM "posts"[0m
  Rendered posts/index.html.erb within layouts/application (1.2ms)
Completed 200 OK in 23ms (Views: 21.8ms | ActiveRecord: 0.1ms)


Started GET "/posts/new" for ::1 at 2017-03-30 22:01:39 +0900
Processing by PostsController#new as HTML
  Rendering posts/new.html.erb within layouts/application
  [1m[36mPost Load (0.1ms)[0m  [1m[34mSELECT "posts".* FROM "posts"[0m
  Rendered posts/new.html.erb within layouts/application (2.0ms)
Completed 200 OK in 24ms (Views: 22.1ms | ActiveRecord: 0.1ms)


Started GET "/main" for ::1 at 2017-03-30 22:01:40 +0900
Processing by PostsController#index as HTML
  Rendering posts/index.html.erb within layouts/application
  [1m[36mPost Load (0.2ms)[0m  [1m[34mSELECT "posts".* FROM "posts"[0m
  Rendered posts/index.html.erb within layouts/application (1.5ms)
Completed 200 OK in 26ms (Views: 24.7ms | ActiveRecord: 0.2ms)


Started GET "/posts/new" for ::1 at 2017-03-30 22:01:40 +0900
Processing by PostsController#new as HTML
  Rendering posts/new.html.erb within layouts/application
  [1m[36mPost Load (0.1ms)[0m  [1m[34mSELECT "posts".* FROM "posts"[0m
  Rendered posts/new.html.erb within layouts/application (2.0ms)
Completed 200 OK in 27ms (Views: 25.1ms | ActiveRecord: 0.1ms)


Started GET "/posts/new" for ::1 at 2017-03-30 22:02:10 +0900
Processing by PostsController#new as HTML
  Rendering posts/new.html.erb within layouts/application
  Rendered posts/new.html.erb within layouts/application (1.3ms)
Completed 200 OK in 18ms (Views: 16.1ms | ActiveRecord: 0.0ms)


Started GET "/posts/new" for ::1 at 2017-03-30 22:02:17 +0900
Processing by PostsController#new as HTML
  Rendering posts/new.html.erb within layouts/application
  Rendered posts/new.html.erb within layouts/application (1.3ms)
Completed 200 OK in 18ms (Views: 16.4ms | ActiveRecord: 0.0ms)


Started GET "/posts/new" for ::1 at 2017-03-30 22:02:32 +0900
Processing by PostsController#new as HTML
  Rendering posts/new.html.erb within layouts/application
  Rendered posts/new.html.erb within layouts/application (1.3ms)
Completed 200 OK in 19ms (Views: 17.7ms | ActiveRecord: 0.0ms)


Started GET "/posts/new" for ::1 at 2017-03-30 22:03:54 +0900
Processing by PostsController#new as HTML
  Rendering posts/new.html.erb within layouts/application
  Rendered posts/new.html.erb within layouts/application (1.2ms)
Completed 200 OK in 38ms (Views: 36.6ms | ActiveRecord: 0.0ms)


Started GET "/posts/new" for ::1 at 2017-03-30 22:04:06 +0900
Processing by PostsController#new as HTML
  Rendering posts/new.html.erb within layouts/application
  Rendered posts/new.html.erb within layouts/application (1.1ms)
Completed 200 OK in 30ms (Views: 28.9ms | ActiveRecord: 0.0ms)


Started GET "/posts/new" for ::1 at 2017-03-30 22:04:14 +0900
Processing by PostsController#new as HTML
  Rendering posts/new.html.erb within layouts/application
  Rendered posts/new.html.erb within layouts/application (1.3ms)
Completed 200 OK in 30ms (Views: 28.9ms | ActiveRecord: 0.0ms)


Started GET "/posts/new" for ::1 at 2017-03-30 22:04:30 +0900
Processing by PostsController#new as HTML
  Rendering posts/new.html.erb within layouts/application
  Rendered posts/new.html.erb within layouts/application (1.6ms)
Completed 200 OK in 19ms (Views: 17.0ms | ActiveRecord: 0.0ms)


Started GET "/posts/new" for ::1 at 2017-03-30 22:05:13 +0900
Processing by PostsController#new as HTML
  Rendering posts/new.html.erb within layouts/application
  Rendered posts/new.html.erb within layouts/application (1.1ms)
Completed 200 OK in 33ms (Views: 31.3ms | ActiveRecord: 0.0ms)


Started GET "/posts/new" for ::1 at 2017-03-30 22:05:57 +0900
Processing by PostsController#new as HTML
  Rendering posts/new.html.erb within layouts/application
  Rendered posts/new.html.erb within layouts/application (1.2ms)
Completed 200 OK in 84ms (Views: 82.6ms | ActiveRecord: 0.0ms)


Started GET "/posts/new" for ::1 at 2017-03-30 22:06:23 +0900
Processing by PostsController#new as HTML
  Rendering posts/new.html.erb within layouts/application
  Rendered posts/new.html.erb within layouts/application (1.2ms)
Completed 200 OK in 36ms (Views: 34.2ms | ActiveRecord: 0.0ms)


Started GET "/posts/new" for ::1 at 2017-03-30 22:06:42 +0900
Processing by PostsController#new as HTML
  Rendering posts/new.html.erb within layouts/application
  Rendered posts/new.html.erb within layouts/application (1.3ms)
Completed 200 OK in 36ms (Views: 34.9ms | ActiveRecord: 0.0ms)


Started GET "/posts/new" for ::1 at 2017-03-30 22:06:48 +0900
Processing by PostsController#new as HTML
  Rendering posts/new.html.erb within layouts/application
  Rendered posts/new.html.erb within layouts/application (1.1ms)
Completed 200 OK in 29ms (Views: 27.6ms | ActiveRecord: 0.0ms)


Started GET "/posts/new" for ::1 at 2017-03-30 22:06:59 +0900
Processing by PostsController#new as HTML
  Rendering posts/new.html.erb within layouts/application
  Rendered posts/new.html.erb within layouts/application (1.1ms)
Completed 200 OK in 33ms (Views: 31.2ms | ActiveRecord: 0.0ms)


Started GET "/posts/new" for ::1 at 2017-03-30 22:07:12 +0900
Processing by PostsController#new as HTML
  Rendering posts/new.html.erb within layouts/application
  Rendered posts/new.html.erb within layouts/application (1.1ms)
Completed 200 OK in 31ms (Views: 28.5ms | ActiveRecord: 0.0ms)


Started GET "/posts/new" for ::1 at 2017-03-30 22:07:17 +0900
Processing by PostsController#new as HTML
  Rendering posts/new.html.erb within layouts/application
  Rendered posts/new.html.erb within layouts/application (1.2ms)
Completed 200 OK in 32ms (Views: 30.7ms | ActiveRecord: 0.0ms)


Started GET "/posts/new" for ::1 at 2017-03-30 22:07:22 +0900
Processing by PostsController#new as HTML
  Rendering posts/new.html.erb within layouts/application
  Rendered posts/new.html.erb within layouts/application (1.2ms)
Completed 200 OK in 21ms (Views: 18.7ms | ActiveRecord: 0.0ms)


Started GET "/posts/new" for ::1 at 2017-03-30 22:09:36 +0900
Processing by PostsController#new as HTML
  Rendering posts/new.html.erb within layouts/application
  Rendered posts/new.html.erb within layouts/application (1.0ms)
Completed 200 OK in 41ms (Views: 39.4ms | ActiveRecord: 0.0ms)


Started GET "/posts/new" for ::1 at 2017-03-30 22:09:49 +0900
Processing by PostsController#new as HTML
  Rendering posts/new.html.erb within layouts/application
  Rendered posts/new.html.erb within layouts/application (1.3ms)
Completed 200 OK in 51ms (Views: 49.7ms | ActiveRecord: 0.0ms)


Started GET "/posts/new" for ::1 at 2017-03-30 22:09:54 +0900
Processing by PostsController#new as HTML
  Rendering posts/new.html.erb within layouts/application
  Rendered posts/new.html.erb within layouts/application (1.1ms)
Completed 200 OK in 37ms (Views: 35.0ms | ActiveRecord: 0.0ms)


Started GET "/posts/new" for ::1 at 2017-03-30 22:09:56 +0900
Processing by PostsController#new as HTML
  Rendering posts/new.html.erb within layouts/application
  Rendered posts/new.html.erb within layouts/application (1.1ms)
Completed 200 OK in 19ms (Views: 17.2ms | ActiveRecord: 0.0ms)


Started GET "/posts/new" for ::1 at 2017-03-30 22:10:29 +0900
Processing by PostsController#new as HTML
  Rendering posts/new.html.erb within layouts/application
  Rendered posts/new.html.erb within layouts/application (1.1ms)
Completed 200 OK in 35ms (Views: 32.8ms | ActiveRecord: 0.0ms)


Started GET "/posts/new" for ::1 at 2017-03-30 22:11:14 +0900
Processing by PostsController#new as HTML
  Rendering posts/new.html.erb within layouts/application
  Rendered posts/new.html.erb within layouts/application (1.1ms)
Completed 200 OK in 37ms (Views: 35.3ms | ActiveRecord: 0.0ms)


Started GET "/posts/new" for ::1 at 2017-03-30 22:11:31 +0900
Processing by PostsController#new as HTML
  Rendering posts/new.html.erb within layouts/application
  Rendered posts/new.html.erb within layouts/application (2.1ms)
Completed 200 OK in 21ms (Views: 19.9ms | ActiveRecord: 0.0ms)


Started GET "/posts/new" for ::1 at 2017-03-30 22:12:18 +0900
Processing by PostsController#new as HTML
  Rendering posts/new.html.erb within layouts/application
  Rendered posts/new.html.erb within layouts/application (1.8ms)
Completed 200 OK in 40ms (Views: 38.3ms | ActiveRecord: 0.0ms)


Started GET "/posts/new" for ::1 at 2017-03-30 22:12:20 +0900
Processing by PostsController#new as HTML
  Rendering posts/new.html.erb within layouts/application
  Rendered posts/new.html.erb within layouts/application (1.2ms)
Completed 200 OK in 20ms (Views: 18.7ms | ActiveRecord: 0.0ms)


Started GET "/posts/new" for ::1 at 2017-03-30 22:12:23 +0900
Processing by PostsController#new as HTML
  Rendering posts/new.html.erb within layouts/application
  Rendered posts/new.html.erb within layouts/application (1.2ms)
Completed 200 OK in 27ms (Views: 25.8ms | ActiveRecord: 0.0ms)


Started GET "/posts/new" for ::1 at 2017-03-30 22:12:39 +0900
Processing by PostsController#new as HTML
  Rendering posts/new.html.erb within layouts/application
  Rendered posts/new.html.erb within layouts/application (1.2ms)
Completed 200 OK in 33ms (Views: 31.8ms | ActiveRecord: 0.0ms)


Started POST "/posts" for ::1 at 2017-03-30 22:12:57 +0900
Processing by PostsController#create as HTML
  Parameters: {"utf8"=>"✓", "authenticity_token"=>"nLlljezJ+lwny51LUV5b3Yy0reTfU08BlCwdQ0bIPbTrD8xmOFbqqnQscCkCbDdy9OftTyGLDtT6ylkk7EFMdw==", "post"=>{"title"=>"제목", "body"=>"내용"}, "commit"=>"submit"}
  [1m[35m (0.2ms)[0m  [1m[36mbegin transaction[0m
  [1m[35mSQL (0.3ms)[0m  [1m[32mINSERT INTO "posts" ("title", "body", "created_at", "updated_at") VALUES (?, ?, ?, ?)[0m  [["title", "제목"], ["body", "내용"], ["created_at", 2017-03-30 13:12:57 UTC], ["updated_at", 2017-03-30 13:12:57 UTC]]
  [1m[35m (0.5ms)[0m  [1m[36mcommit transaction[0m
DEPRECATION WARNING: `redirect_to :back` is deprecated and will be removed from Rails 5.1. Please use `redirect_back(fallback_location: fallback_location)` where `fallback_location` represents the location to use if the request has no HTTP referer information. (called from create at /Users/jongwon/RubymineProjects/bamboo/app/controllers/posts_controller.rb:16)
Redirected to http://localhost:3000/posts/new
Completed 302 Found in 4ms (ActiveRecord: 1.0ms)


Started GET "/posts/new" for ::1 at 2017-03-30 22:12:57 +0900
Processing by PostsController#new as HTML
  Rendering posts/new.html.erb within layouts/application
  Rendered posts/new.html.erb within layouts/application (2.1ms)
Completed 200 OK in 19ms (Views: 17.5ms | ActiveRecord: 0.0ms)


Started GET "/main" for ::1 at 2017-03-30 22:13:00 +0900
Processing by PostsController#index as HTML
  Rendering posts/index.html.erb within layouts/application
  [1m[36mPost Load (0.2ms)[0m  [1m[34mSELECT "posts".* FROM "posts"[0m
  Rendered posts/index.html.erb within layouts/application (1.8ms)
Completed 200 OK in 27ms (Views: 25.0ms | ActiveRecord: 0.2ms)


Started GET "/posts/new" for ::1 at 2017-03-30 22:14:51 +0900
Processing by PostsController#new as HTML
  Rendering posts/new.html.erb within layouts/application
  Rendered posts/new.html.erb within layouts/application (1.8ms)
Completed 200 OK in 24ms (Views: 22.7ms | ActiveRecord: 0.0ms)


Started GET "/main" for ::1 at 2017-03-30 22:14:59 +0900
Processing by PostsController#index as HTML
  Rendering posts/index.html.erb within layouts/application
  [1m[36mPost Load (0.2ms)[0m  [1m[34mSELECT "posts".* FROM "posts"[0m
  Rendered posts/index.html.erb within layouts/application (1.7ms)
Completed 200 OK in 27ms (Views: 24.2ms | ActiveRecord: 0.2ms)


Started GET "/posts/new" for ::1 at 2017-03-30 22:15:01 +0900
Processing by PostsController#new as HTML
  Rendering posts/new.html.erb within layouts/application
  Rendered posts/new.html.erb within layouts/application (1.2ms)
Completed 200 OK in 25ms (Views: 22.5ms | ActiveRecord: 0.0ms)


Started GET "/main" for ::1 at 2017-03-30 22:15:03 +0900
Processing by PostsController#index as HTML
  Rendering posts/index.html.erb within layouts/application
  [1m[36mPost Load (0.1ms)[0m  [1m[34mSELECT "posts".* FROM "posts"[0m
  Rendered posts/index.html.erb within layouts/application (1.2ms)
Completed 200 OK in 27ms (Views: 25.1ms | ActiveRecord: 0.1ms)


Started GET "/main" for ::1 at 2017-03-30 22:15:18 +0900
Processing by PostsController#index as HTML
  Rendering posts/index.html.erb within layouts/application
  [1m[36mPost Load (0.2ms)[0m  [1m[34mSELECT "posts".* FROM "posts"[0m
  Rendered posts/index.html.erb within layouts/application (1.4ms)
Completed 200 OK in 34ms (Views: 32.1ms | ActiveRecord: 0.2ms)


Started GET "/main" for ::1 at 2017-03-30 22:15:19 +0900
Processing by PostsController#index as HTML
  Rendering posts/index.html.erb within layouts/application
  [1m[36mPost Load (0.2ms)[0m  [1m[34mSELECT "posts".* FROM "posts"[0m
  Rendered posts/index.html.erb within layouts/application (1.3ms)
Completed 200 OK in 31ms (Views: 29.8ms | ActiveRecord: 0.2ms)


Started GET "/main" for ::1 at 2017-03-30 22:15:21 +0900
Processing by PostsController#index as HTML
  Rendering posts/index.html.erb within layouts/application
  [1m[36mPost Load (0.2ms)[0m  [1m[34mSELECT "posts".* FROM "posts"[0m
  Rendered posts/index.html.erb within layouts/application (1.7ms)
Completed 200 OK in 21ms (Views: 19.0ms | ActiveRecord: 0.2ms)


Started GET "/main" for ::1 at 2017-03-30 22:15:53 +0900
Processing by PostsController#index as HTML
  Rendering posts/index.html.erb within layouts/application
  [1m[36mPost Load (0.2ms)[0m  [1m[34mSELECT "posts".* FROM "posts"[0m
  Rendered posts/index.html.erb within layouts/application (1.2ms)
Completed 200 OK in 22ms (Views: 20.0ms | ActiveRecord: 0.2ms)


Started GET "/main" for ::1 at 2017-03-30 22:16:02 +0900
Processing by PostsController#index as HTML
  Rendering posts/index.html.erb within layouts/application
  [1m[36mPost Load (0.2ms)[0m  [1m[34mSELECT "posts".* FROM "posts"[0m
  Rendered posts/index.html.erb within layouts/application (1.3ms)
Completed 200 OK in 18ms (Views: 16.1ms | ActiveRecord: 0.2ms)


Started GET "/main" for ::1 at 2017-03-30 22:16:26 +0900
Processing by PostsController#index as HTML
  Rendering posts/index.html.erb within layouts/application
  [1m[36mPost Load (0.1ms)[0m  [1m[34mSELECT "posts".* FROM "posts"[0m
  Rendered posts/index.html.erb within layouts/application (1.2ms)
Completed 200 OK in 20ms (Views: 17.7ms | ActiveRecord: 0.1ms)


Started GET "/main" for ::1 at 2017-03-30 22:16:56 +0900
Processing by PostsController#index as HTML
  Rendering posts/index.html.erb within layouts/application
  [1m[36mPost Load (0.1ms)[0m  [1m[34mSELECT "posts".* FROM "posts"[0m
  Rendered posts/index.html.erb within layouts/application (1.2ms)
Completed 200 OK in 35ms (Views: 33.4ms | ActiveRecord: 0.1ms)


Started GET "/main" for ::1 at 2017-03-30 22:17:14 +0900
Processing by PostsController#index as HTML
  Rendering posts/index.html.erb within layouts/application
  [1m[36mPost Load (0.2ms)[0m  [1m[34mSELECT "posts".* FROM "posts"[0m
  Rendered posts/index.html.erb within layouts/application (1.2ms)
Completed 200 OK in 38ms (Views: 36.1ms | ActiveRecord: 0.2ms)


Started GET "/main" for ::1 at 2017-03-30 22:17:55 +0900
Processing by PostsController#index as HTML
  Rendering posts/index.html.erb within layouts/application
  [1m[36mPost Load (0.2ms)[0m  [1m[34mSELECT "posts".* FROM "posts"[0m
  Rendered posts/index.html.erb within layouts/application (1.6ms)
Completed 200 OK in 20ms (Views: 18.8ms | ActiveRecord: 0.2ms)


Started GET "/posts/new" for ::1 at 2017-03-30 22:18:55 +0900
Processing by PostsController#new as HTML
  Rendering posts/new.html.erb within layouts/application
  Rendered posts/new.html.erb within layouts/application (1.5ms)
Completed 200 OK in 27ms (Views: 25.5ms | ActiveRecord: 0.0ms)


Started GET "/main" for ::1 at 2017-03-30 22:18:56 +0900
Processing by PostsController#index as HTML
  Rendering posts/index.html.erb within layouts/application
  [1m[36mPost Load (0.3ms)[0m  [1m[34mSELECT "posts".* FROM "posts"[0m
  Rendered posts/index.html.erb within layouts/application (2.1ms)
Completed 200 OK in 34ms (Views: 31.6ms | ActiveRecord: 0.3ms)


Started GET "/posts/new" for ::1 at 2017-03-30 22:18:57 +0900
Processing by PostsController#new as HTML
  Rendering posts/new.html.erb within layouts/application
  Rendered posts/new.html.erb within layouts/application (1.2ms)
Completed 200 OK in 27ms (Views: 25.1ms | ActiveRecord: 0.0ms)


Started GET "/main" for ::1 at 2017-03-30 22:18:58 +0900
Processing by PostsController#index as HTML
  Rendering posts/index.html.erb within layouts/application
  [1m[36mPost Load (0.3ms)[0m  [1m[34mSELECT "posts".* FROM "posts"[0m
  Rendered posts/index.html.erb within layouts/application (1.7ms)
Completed 200 OK in 25ms (Views: 22.8ms | ActiveRecord: 0.3ms)


Started GET "/main" for ::1 at 2017-03-30 22:19:06 +0900
Processing by PostsController#index as HTML
  Rendering posts/index.html.erb within layouts/application
  [1m[36mPost Load (0.2ms)[0m  [1m[34mSELECT "posts".* FROM "posts"[0m
  Rendered posts/index.html.erb within layouts/application (1.3ms)
Completed 200 OK in 27ms (Views: 25.1ms | ActiveRecord: 0.2ms)


Started GET "/main" for ::1 at 2017-03-30 22:19:16 +0900
Processing by PostsController#index as HTML
  Rendering posts/index.html.erb within layouts/application
  [1m[36mPost Load (0.1ms)[0m  [1m[34mSELECT "posts".* FROM "posts"[0m
  Rendered posts/index.html.erb within layouts/application (1.1ms)
Completed 200 OK in 38ms (Views: 36.8ms | ActiveRecord: 0.1ms)


Started GET "/main" for ::1 at 2017-03-30 22:19:20 +0900
Processing by PostsController#index as HTML
  Rendering posts/index.html.erb within layouts/application
  [1m[36mPost Load (0.2ms)[0m  [1m[34mSELECT "posts".* FROM "posts"[0m
  Rendered posts/index.html.erb within layouts/application (1.1ms)
Completed 200 OK in 35ms (Views: 33.3ms | ActiveRecord: 0.2ms)


Started GET "/main" for ::1 at 2017-03-30 22:19:22 +0900
Processing by PostsController#index as HTML
  Rendering posts/index.html.erb within layouts/application
  [1m[36mPost Load (0.2ms)[0m  [1m[34mSELECT "posts".* FROM "posts"[0m
  Rendered posts/index.html.erb within layouts/application (1.1ms)
Completed 200 OK in 21ms (Views: 19.1ms | ActiveRecord: 0.2ms)


Started GET "/main" for ::1 at 2017-03-30 22:20:00 +0900
Processing by PostsController#index as HTML
  Rendering posts/index.html.erb within layouts/application
  [1m[36mPost Load (0.2ms)[0m  [1m[34mSELECT "posts".* FROM "posts"[0m
  Rendered posts/index.html.erb within layouts/application (1.4ms)
Completed 200 OK in 20ms (Views: 18.2ms | ActiveRecord: 0.2ms)


Started GET "/main" for ::1 at 2017-03-30 22:20:03 +0900
Processing by PostsController#index as HTML
  Rendering posts/index.html.erb within layouts/application
  [1m[36mPost Load (0.1ms)[0m  [1m[34mSELECT "posts".* FROM "posts"[0m
  Rendered posts/index.html.erb within layouts/application (1.2ms)
Completed 200 OK in 29ms (Views: 27.4ms | ActiveRecord: 0.1ms)


Started GET "/posts/new" for ::1 at 2017-03-30 22:20:04 +0900
Processing by PostsController#new as HTML
  Rendering posts/new.html.erb within layouts/application
  [1m[36mPost Load (0.2ms)[0m  [1m[34mSELECT "posts".* FROM "posts"[0m
  Rendered posts/new.html.erb within layouts/application (2.0ms)
Completed 200 OK in 29ms (Views: 27.2ms | ActiveRecord: 0.1ms)


Started GET "/posts/new" for ::1 at 2017-03-30 22:20:28 +0900
Processing by PostsController#new as HTML
  Rendering posts/new.html.erb within layouts/application
  [1m[36mPost Load (0.2ms)[0m  [1m[34mSELECT "posts".* FROM "posts"[0m
  Rendered posts/new.html.erb within layouts/application (2.2ms)
Completed 200 OK in 22ms (Views: 19.9ms | ActiveRecord: 0.2ms)


Started GET "/posts/new" for ::1 at 2017-03-30 22:20:40 +0900
Processing by PostsController#new as HTML
  Rendering posts/new.html.erb within layouts/application
  [1m[36mPost Load (0.2ms)[0m  [1m[34mSELECT "posts".* FROM "posts"[0m
  Rendered posts/new.html.erb within layouts/application (2.0ms)
Completed 200 OK in 20ms (Views: 18.2ms | ActiveRecord: 0.2ms)


Started POST "/posts" for ::1 at 2017-03-30 22:20:45 +0900
Processing by PostsController#create as HTML
  Parameters: {"utf8"=>"✓", "authenticity_token"=>"Q+DaypAPBC/yKptZ45hgNeW86yAiiMheTfbq3VQXHiY0VnMhRJAU2aHNdjuwqgyane+ri9xQiYsjEK66/p5v5Q==", "post"=>{"title"=>"dfdf", "body"=>"fd"}, "commit"=>"submit"}
  [1m[35m (0.1ms)[0m  [1m[36mbegin transaction[0m
  [1m[35mSQL (0.3ms)[0m  [1m[32mINSERT INTO "posts" ("title", "body", "created_at", "updated_at") VALUES (?, ?, ?, ?)[0m  [["title", "dfdf"], ["body", "fd"], ["created_at", 2017-03-30 13:20:45 UTC], ["updated_at", 2017-03-30 13:20:45 UTC]]
  [1m[35m (0.7ms)[0m  [1m[36mcommit transaction[0m
DEPRECATION WARNING: `redirect_to :back` is deprecated and will be removed from Rails 5.1. Please use `redirect_back(fallback_location: fallback_location)` where `fallback_location` represents the location to use if the request has no HTTP referer information. (called from create at /Users/jongwon/RubymineProjects/bamboo/app/controllers/posts_controller.rb:16)
Redirected to http://localhost:3000/posts/new
Completed 302 Found in 3ms (ActiveRecord: 1.0ms)


Started GET "/posts/new" for ::1 at 2017-03-30 22:20:45 +0900
Processing by PostsController#new as HTML
  Rendering posts/new.html.erb within layouts/application
  [1m[36mPost Load (0.2ms)[0m  [1m[34mSELECT "posts".* FROM "posts"[0m
  Rendered posts/new.html.erb within layouts/application (1.8ms)
Completed 200 OK in 20ms (Views: 18.7ms | ActiveRecord: 0.2ms)


Started POST "/posts" for ::1 at 2017-03-30 22:20:55 +0900
Processing by PostsController#create as HTML
  Parameters: {"utf8"=>"✓", "authenticity_token"=>"8pQRNxxCsecOU1/+0vbOuTW/le+PkM4mvg9+Swywhz+FIrjcyN2hEV20spyBxKIWTezVRHFIj/PQ6Tospjn2/A==", "post"=>{"title"=>"dfdf", "body"=>"dfdfdf"}, "commit"=>"submit"}
  [1m[35m (0.1ms)[0m  [1m[36mbegin transaction[0m
  [1m[35mSQL (0.3ms)[0m  [1m[32mINSERT INTO "posts" ("title", "body", "created_at", "updated_at") VALUES (?, ?, ?, ?)[0m  [["title", "dfdf"], ["body", "dfdfdf"], ["created_at", 2017-03-30 13:20:55 UTC], ["updated_at", 2017-03-30 13:20:55 UTC]]
  [1m[35m (0.6ms)[0m  [1m[36mcommit transaction[0m
DEPRECATION WARNING: `redirect_to :back` is deprecated and will be removed from Rails 5.1. Please use `redirect_back(fallback_location: fallback_location)` where `fallback_location` represents the location to use if the request has no HTTP referer information. (called from create at /Users/jongwon/RubymineProjects/bamboo/app/controllers/posts_controller.rb:16)
Redirected to http://localhost:3000/posts/new
Completed 302 Found in 3ms (ActiveRecord: 0.9ms)


Started GET "/posts/new" for ::1 at 2017-03-30 22:20:55 +0900
Processing by PostsController#new as HTML
  Rendering posts/new.html.erb within layouts/application
  [1m[36mPost Load (0.2ms)[0m  [1m[34mSELECT "posts".* FROM "posts"[0m
  Rendered posts/new.html.erb within layouts/application (2.2ms)
Completed 200 OK in 20ms (Views: 18.2ms | ActiveRecord: 0.2ms)


Started GET "/posts/new" for ::1 at 2017-03-30 22:22:22 +0900
Processing by PostsController#new as HTML
  Rendering posts/new.html.erb within layouts/application
  [1m[36mPost Load (0.2ms)[0m  [1m[34mSELECT "posts".* FROM "posts"[0m
  Rendered posts/new.html.erb within layouts/application (1.9ms)
Completed 200 OK in 38ms (Views: 36.6ms | ActiveRecord: 0.2ms)


Started GET "/posts/new" for ::1 at 2017-03-30 22:22:43 +0900
Processing by PostsController#new as HTML
  Rendering posts/new.html.erb within layouts/application
  [1m[36mPost Load (0.2ms)[0m  [1m[34mSELECT "posts".* FROM "posts"[0m
  Rendered posts/new.html.erb within layouts/application (2.2ms)
Completed 200 OK in 36ms (Views: 34.7ms | ActiveRecord: 0.2ms)


Started GET "/posts/new" for ::1 at 2017-03-30 22:23:20 +0900
Processing by PostsController#new as HTML
  Rendering posts/new.html.erb within layouts/application
  [1m[36mPost Load (0.2ms)[0m  [1m[34mSELECT "posts".* FROM "posts"[0m
  Rendered posts/new.html.erb within layouts/application (2.5ms)
Completed 200 OK in 47ms (Views: 44.7ms | ActiveRecord: 0.2ms)


Started GET "/posts/new" for ::1 at 2017-03-30 22:23:56 +0900
Processing by PostsController#new as HTML
  Rendering posts/new.html.erb within layouts/application
  [1m[36mPost Load (0.2ms)[0m  [1m[34mSELECT "posts".* FROM "posts"[0m
  Rendered posts/new.html.erb within layouts/application (1.7ms)
Completed 200 OK in 35ms (Views: 32.6ms | ActiveRecord: 0.2ms)


Started GET "/posts/new" for ::1 at 2017-03-30 22:24:55 +0900
Processing by PostsController#new as HTML
  Rendering posts/new.html.erb within layouts/application
  [1m[36mPost Load (0.2ms)[0m  [1m[34mSELECT "posts".* FROM "posts"[0m
  Rendered posts/new.html.erb within layouts/application (2.0ms)
Completed 200 OK in 34ms (Views: 32.3ms | ActiveRecord: 0.2ms)


Started GET "/posts/new" for ::1 at 2017-03-30 22:24:57 +0900
Processing by PostsController#new as HTML
  Rendering posts/new.html.erb within layouts/application
  [1m[36mPost Load (0.1ms)[0m  [1m[34mSELECT "posts".* FROM "posts"[0m
  Rendered posts/new.html.erb within layouts/application (1.9ms)
Completed 200 OK in 22ms (Views: 20.4ms | ActiveRecord: 0.1ms)


Started GET "/posts/new" for ::1 at 2017-03-30 22:25:22 +0900
Processing by PostsController#new as HTML
  Rendering posts/new.html.erb within layouts/application
  [1m[36mPost Load (0.2ms)[0m  [1m[34mSELECT "posts".* FROM "posts"[0m
  Rendered posts/new.html.erb within layouts/application (2.3ms)
Completed 200 OK in 19ms (Views: 17.7ms | ActiveRecord: 0.2ms)


Started GET "/posts/new" for ::1 at 2017-03-30 22:25:26 +0900
Processing by PostsController#new as HTML
  Rendering posts/new.html.erb within layouts/application
  [1m[36mPost Load (0.2ms)[0m  [1m[34mSELECT "posts".* FROM "posts"[0m
  Rendered posts/new.html.erb within layouts/application (2.5ms)
Completed 200 OK in 23ms (Views: 21.2ms | ActiveRecord: 0.2ms)


Started GET "/posts/new" for ::1 at 2017-03-30 22:26:32 +0900
Processing by PostsController#new as HTML
  Rendering posts/new.html.erb within layouts/application
  [1m[36mPost Load (0.2ms)[0m  [1m[34mSELECT "posts".* FROM "posts"[0m
  Rendered posts/new.html.erb within layouts/application (1.9ms)
Completed 200 OK in 22ms (Views: 20.4ms | ActiveRecord: 0.2ms)


Started GET "/posts/new" for ::1 at 2017-03-31 02:31:29 +0900
  [1m[36mActiveRecord::SchemaMigration Load (0.2ms)[0m  [1m[34mSELECT "schema_migrations".* FROM "schema_migrations"[0m
Processing by PostsController#new as HTML
  Rendering posts/new.html.erb within layouts/application
  Rendered posts/new.html.erb within layouts/application (11.1ms)
Completed 200 OK in 315ms (Views: 298.4ms | ActiveRecord: 0.5ms)


  [1m[36mActiveRecord::SchemaMigration Load (0.1ms)[0m  [1m[34mSELECT "schema_migrations".* FROM "schema_migrations"[0m
  [1m[36mActiveRecord::InternalMetadata Load (0.1ms)[0m  [1m[34mSELECT  "ar_internal_metadata".* FROM "ar_internal_metadata" WHERE "ar_internal_metadata"."key" = ? LIMIT ?[0m  [["key", :environment], ["LIMIT", 1]]
  [1m[35m (0.0ms)[0m  [1m[36mbegin transaction[0m
  [1m[35m (0.0ms)[0m  [1m[36mcommit transaction[0m
  [1m[36mActiveRecord::SchemaMigration Load (0.1ms)[0m  [1m[34mSELECT "schema_migrations".* FROM "schema_migrations"[0m
  [1m[36mActiveRecord::SchemaMigration Load (0.2ms)[0m  [1m[34mSELECT "schema_migrations".* FROM "schema_migrations"[0m
  [1m[35m (0.1ms)[0m  [1m[34mSELECT "ar_internal_metadata"."value" FROM "ar_internal_metadata" WHERE "ar_internal_metadata"."key" = ?[0m  [["key", :environment]]
  [1m[36mActiveRecord::SchemaMigration Load (0.0ms)[0m  [1m[34mSELECT "schema_migrations".* FROM "schema_migrations"[0m
  [1m[35m (0.0ms)[0m  [1m[34mSELECT "ar_internal_metadata"."value" FROM "ar_internal_metadata" WHERE "ar_internal_metadata"."key" = ?[0m  [["key", :environment]]
  [1m[36mActiveRecord::SchemaMigration Load (0.0ms)[0m  [1m[34mSELECT "schema_migrations".* FROM "schema_migrations"[0m
  [1m[35m (0.0ms)[0m  [1m[34mSELECT "ar_internal_metadata"."value" FROM "ar_internal_metadata" WHERE "ar_internal_metadata"."key" = ?[0m  [["key", :environment]]
DEPRECATION WARNING: Passing #original_exception is deprecated and has no effect. Exceptions will automatically capture the original exception. (called from require at /Users/jongwon/RubymineProjects/bamboo/bin/rails:9)
  [1m[35m (1.1ms)[0m  [1m[35mCREATE TABLE "schema_migrations" ("version" varchar NOT NULL PRIMARY KEY)[0m
  [1m[35m (0.8ms)[0m  [1m[35mCREATE TABLE "ar_internal_metadata" ("key" varchar NOT NULL PRIMARY KEY, "value" varchar, "created_at" datetime NOT NULL, "updated_at" datetime NOT NULL)[0m
  [1m[36mActiveRecord::SchemaMigration Load (0.1ms)[0m  [1m[34mSELECT "schema_migrations".* FROM "schema_migrations"[0m
Migrating to CreatePosts (20170330063028)
  [1m[35m (0.1ms)[0m  [1m[36mbegin transaction[0m
  [1m[35m (0.4ms)[0m  [1m[35mCREATE TABLE "posts" ("id" INTEGER PRIMARY KEY AUTOINCREMENT NOT NULL, "body" varchar, "created_at" datetime NOT NULL, "updated_at" datetime NOT NULL)[0m
  [1m[35mSQL (0.1ms)[0m  [1m[32mINSERT INTO "schema_migrations" ("version") VALUES (?)[0m  [["version", "20170330063028"]]
  [1m[35m (0.6ms)[0m  [1m[36mcommit transaction[0m
  [1m[36mActiveRecord::InternalMetadata Load (0.2ms)[0m  [1m[34mSELECT  "ar_internal_metadata".* FROM "ar_internal_metadata" WHERE "ar_internal_metadata"."key" = ? LIMIT ?[0m  [["key", :environment], ["LIMIT", 1]]
  [1m[35m (0.0ms)[0m  [1m[36mbegin transaction[0m
  [1m[35mSQL (0.2ms)[0m  [1m[32mINSERT INTO "ar_internal_metadata" ("key", "value", "created_at", "updated_at") VALUES (?, ?, ?, ?)[0m  [["key", "environment"], ["value", "development"], ["created_at", 2017-03-30 17:31:54 UTC], ["updated_at", 2017-03-30 17:31:54 UTC]]
  [1m[35m (0.5ms)[0m  [1m[36mcommit transaction[0m
  [1m[36mActiveRecord::SchemaMigration Load (0.1ms)[0m  [1m[34mSELECT "schema_migrations".* FROM "schema_migrations"[0m
Started GET "/" for ::1 at 2017-03-31 02:31:58 +0900
  [1m[36mActiveRecord::SchemaMigration Load (0.1ms)[0m  [1m[34mSELECT "schema_migrations".* FROM "schema_migrations"[0m
Processing by PostsController#index as HTML
  Rendering posts/index.html.erb within layouts/application
  [1m[36mPost Load (0.3ms)[0m  [1m[34mSELECT "posts".* FROM "posts"[0m
  Rendered posts/index.html.erb within layouts/application (3.0ms)
Completed 200 OK in 191ms (Views: 178.8ms | ActiveRecord: 0.5ms)


Started GET "/" for ::1 at 2017-03-31 02:32:13 +0900
Processing by PostsController#index as HTML
  Rendering posts/index.html.erb within layouts/application
  [1m[36mPost Load (0.2ms)[0m  [1m[34mSELECT "posts".* FROM "posts"[0m
  Rendered posts/index.html.erb within layouts/application (1.0ms)
Completed 200 OK in 19ms (Views: 17.0ms | ActiveRecord: 0.2ms)


Started GET "/posts/new" for ::1 at 2017-03-31 02:32:14 +0900
Processing by PostsController#new as HTML
  Rendering posts/new.html.erb within layouts/application
  Rendered posts/new.html.erb within layouts/application (7.2ms)
Completed 200 OK in 57ms (Views: 51.0ms | ActiveRecord: 0.3ms)


Started GET "/main" for ::1 at 2017-03-31 02:32:14 +0900
Processing by PostsController#index as HTML
  Rendering posts/index.html.erb within layouts/application
  [1m[36mPost Load (0.1ms)[0m  [1m[34mSELECT "posts".* FROM "posts"[0m
  Rendered posts/index.html.erb within layouts/application (0.9ms)
Completed 200 OK in 27ms (Views: 24.9ms | ActiveRecord: 0.1ms)


  [1m[36mActiveRecord::SchemaMigration Load (0.1ms)[0m  [1m[34mSELECT "schema_migrations".* FROM "schema_migrations"[0m
  [1m[35m (0.1ms)[0m  [1m[34mSELECT "ar_internal_metadata"."value" FROM "ar_internal_metadata" WHERE "ar_internal_metadata"."key" = ?[0m  [["key", :environment]]
  [1m[36mActiveRecord::SchemaMigration Load (0.0ms)[0m  [1m[34mSELECT "schema_migrations".* FROM "schema_migrations"[0m
  [1m[35m (0.0ms)[0m  [1m[34mSELECT "ar_internal_metadata"."value" FROM "ar_internal_metadata" WHERE "ar_internal_metadata"."key" = ?[0m  [["key", :environment]]
  [1m[36mActiveRecord::SchemaMigration Load (0.0ms)[0m  [1m[34mSELECT "schema_migrations".* FROM "schema_migrations"[0m
  [1m[35m (0.1ms)[0m  [1m[34mSELECT "ar_internal_metadata"."value" FROM "ar_internal_metadata" WHERE "ar_internal_metadata"."key" = ?[0m  [["key", :environment]]
DEPRECATION WARNING: Passing #original_exception is deprecated and has no effect. Exceptions will automatically capture the original exception. (called from load at /Users/jongwon/.rbenv/versions/2.3.1/bin/rake:23)
  [1m[35m (3.0ms)[0m  [1m[35mCREATE TABLE "schema_migrations" ("version" varchar NOT NULL PRIMARY KEY)[0m
  [1m[35m (0.8ms)[0m  [1m[35mCREATE TABLE "ar_internal_metadata" ("key" varchar NOT NULL PRIMARY KEY, "value" varchar, "created_at" datetime NOT NULL, "updated_at" datetime NOT NULL)[0m
  [1m[36mActiveRecord::SchemaMigration Load (0.1ms)[0m  [1m[34mSELECT "schema_migrations".* FROM "schema_migrations"[0m
Migrating to CreatePosts (20170330063028)
  [1m[35m (0.1ms)[0m  [1m[36mbegin transaction[0m
  [1m[35m (0.4ms)[0m  [1m[35mCREATE TABLE "posts" ("id" INTEGER PRIMARY KEY AUTOINCREMENT NOT NULL, "title" varchar, "body" varchar, "created_at" datetime NOT NULL, "updated_at" datetime NOT NULL)[0m
  [1m[35mSQL (0.1ms)[0m  [1m[32mINSERT INTO "schema_migrations" ("version") VALUES (?)[0m  [["version", "20170330063028"]]
  [1m[35m (0.6ms)[0m  [1m[36mcommit transaction[0m
  [1m[36mActiveRecord::InternalMetadata Load (0.2ms)[0m  [1m[34mSELECT  "ar_internal_metadata".* FROM "ar_internal_metadata" WHERE "ar_internal_metadata"."key" = ? LIMIT ?[0m  [["key", :environment], ["LIMIT", 1]]
  [1m[35m (0.1ms)[0m  [1m[36mbegin transaction[0m
  [1m[35mSQL (0.3ms)[0m  [1m[32mINSERT INTO "ar_internal_metadata" ("key", "value", "created_at", "updated_at") VALUES (?, ?, ?, ?)[0m  [["key", "environment"], ["value", "development"], ["created_at", 2017-03-30 18:32:27 UTC], ["updated_at", 2017-03-30 18:32:27 UTC]]
  [1m[35m (0.7ms)[0m  [1m[36mcommit transaction[0m
  [1m[36mActiveRecord::SchemaMigration Load (0.1ms)[0m  [1m[34mSELECT "schema_migrations".* FROM "schema_migrations"[0m
  [1m[36mActiveRecord::SchemaMigration Load (0.2ms)[0m  [1m[34mSELECT "schema_migrations".* FROM "schema_migrations"[0m
  [1m[36mActiveRecord::InternalMetadata Load (0.1ms)[0m  [1m[34mSELECT  "ar_internal_metadata".* FROM "ar_internal_metadata" WHERE "ar_internal_metadata"."key" = ? LIMIT ?[0m  [["key", :environment], ["LIMIT", 1]]
  [1m[35m (0.1ms)[0m  [1m[36mbegin transaction[0m
  [1m[35m (0.0ms)[0m  [1m[36mcommit transaction[0m
  [1m[36mActiveRecord::SchemaMigration Load (0.0ms)[0m  [1m[34mSELECT "schema_migrations".* FROM "schema_migrations"[0m
  [1m[36mActiveRecord::SchemaMigration Load (0.2ms)[0m  [1m[34mSELECT "schema_migrations".* FROM "schema_migrations"[0m
  [1m[35m (0.2ms)[0m  [1m[34mSELECT "ar_internal_metadata"."value" FROM "ar_internal_metadata" WHERE "ar_internal_metadata"."key" = ?[0m  [["key", :environment]]
  [1m[36mActiveRecord::SchemaMigration Load (0.0ms)[0m  [1m[34mSELECT "schema_migrations".* FROM "schema_migrations"[0m
  [1m[35m (0.0ms)[0m  [1m[34mSELECT "ar_internal_metadata"."value" FROM "ar_internal_metadata" WHERE "ar_internal_metadata"."key" = ?[0m  [["key", :environment]]
  [1m[36mActiveRecord::SchemaMigration Load (0.0ms)[0m  [1m[34mSELECT "schema_migrations".* FROM "schema_migrations"[0m
  [1m[35m (0.0ms)[0m  [1m[34mSELECT "ar_internal_metadata"."value" FROM "ar_internal_metadata" WHERE "ar_internal_metadata"."key" = ?[0m  [["key", :environment]]
DEPRECATION WARNING: Passing #original_exception is deprecated and has no effect. Exceptions will automatically capture the original exception. (called from load at /Users/jongwon/.rbenv/versions/2.3.1/bin/rake:23)
  [1m[35m (3.0ms)[0m  [1m[35mCREATE TABLE "schema_migrations" ("version" varchar NOT NULL PRIMARY KEY)[0m
  [1m[35m (1.0ms)[0m  [1m[35mCREATE TABLE "ar_internal_metadata" ("key" varchar NOT NULL PRIMARY KEY, "value" varchar, "created_at" datetime NOT NULL, "updated_at" datetime NOT NULL)[0m
  [1m[36mActiveRecord::SchemaMigration Load (0.2ms)[0m  [1m[34mSELECT "schema_migrations".* FROM "schema_migrations"[0m
Migrating to CreatePosts (20170330063028)
  [1m[35m (0.1ms)[0m  [1m[36mbegin transaction[0m
  [1m[35m (0.4ms)[0m  [1m[35mCREATE TABLE "posts" ("id" INTEGER PRIMARY KEY AUTOINCREMENT NOT NULL, "age" integer, "title" varchar, "body" varchar, "created_at" datetime NOT NULL, "updated_at" datetime NOT NULL)[0m
  [1m[35mSQL (0.1ms)[0m  [1m[32mINSERT INTO "schema_migrations" ("version") VALUES (?)[0m  [["version", "20170330063028"]]
  [1m[35m (0.6ms)[0m  [1m[36mcommit transaction[0m
  [1m[36mActiveRecord::InternalMetadata Load (0.1ms)[0m  [1m[34mSELECT  "ar_internal_metadata".* FROM "ar_internal_metadata" WHERE "ar_internal_metadata"."key" = ? LIMIT ?[0m  [["key", :environment], ["LIMIT", 1]]
  [1m[35m (0.0ms)[0m  [1m[36mbegin transaction[0m
  [1m[35mSQL (0.3ms)[0m  [1m[32mINSERT INTO "ar_internal_metadata" ("key", "value", "created_at", "updated_at") VALUES (?, ?, ?, ?)[0m  [["key", "environment"], ["value", "development"], ["created_at", 2017-03-30 18:33:10 UTC], ["updated_at", 2017-03-30 18:33:10 UTC]]
  [1m[35m (0.8ms)[0m  [1m[36mcommit transaction[0m
  [1m[36mActiveRecord::SchemaMigration Load (0.1ms)[0m  [1m[34mSELECT "schema_migrations".* FROM "schema_migrations"[0m
  [1m[36mActiveRecord::SchemaMigration Load (0.1ms)[0m  [1m[34mSELECT "schema_migrations".* FROM "schema_migrations"[0m
  [1m[35m (0.2ms)[0m  [1m[34mSELECT "ar_internal_metadata"."value" FROM "ar_internal_metadata" WHERE "ar_internal_metadata"."key" = ?[0m  [["key", :environment]]
  [1m[36mActiveRecord::SchemaMigration Load (0.0ms)[0m  [1m[34mSELECT "schema_migrations".* FROM "schema_migrations"[0m
  [1m[35m (0.0ms)[0m  [1m[34mSELECT "ar_internal_metadata"."value" FROM "ar_internal_metadata" WHERE "ar_internal_metadata"."key" = ?[0m  [["key", :environment]]
  [1m[36mActiveRecord::SchemaMigration Load (0.0ms)[0m  [1m[34mSELECT "schema_migrations".* FROM "schema_migrations"[0m
  [1m[35m (0.0ms)[0m  [1m[34mSELECT "ar_internal_metadata"."value" FROM "ar_internal_metadata" WHERE "ar_internal_metadata"."key" = ?[0m  [["key", :environment]]
DEPRECATION WARNING: Passing #original_exception is deprecated and has no effect. Exceptions will automatically capture the original exception. (called from load at /Users/jongwon/.rbenv/versions/2.3.1/bin/rake:23)
  [1m[35m (2.9ms)[0m  [1m[35mCREATE TABLE "schema_migrations" ("version" varchar NOT NULL PRIMARY KEY)[0m
  [1m[35m (0.7ms)[0m  [1m[35mCREATE TABLE "ar_internal_metadata" ("key" varchar NOT NULL PRIMARY KEY, "value" varchar, "created_at" datetime NOT NULL, "updated_at" datetime NOT NULL)[0m
  [1m[36mActiveRecord::SchemaMigration Load (0.1ms)[0m  [1m[34mSELECT "schema_migrations".* FROM "schema_migrations"[0m
Migrating to CreatePosts (20170330063028)
  [1m[35m (0.1ms)[0m  [1m[36mbegin transaction[0m
  [1m[35m (0.3ms)[0m  [1m[35mCREATE TABLE "posts" ("id" INTEGER PRIMARY KEY AUTOINCREMENT NOT NULL, "title" varchar, "body" varchar, "created_at" datetime NOT NULL, "updated_at" datetime NOT NULL)[0m
  [1m[35mSQL (0.1ms)[0m  [1m[32mINSERT INTO "schema_migrations" ("version") VALUES (?)[0m  [["version", "20170330063028"]]
  [1m[35m (0.6ms)[0m  [1m[36mcommit transaction[0m
  [1m[36mActiveRecord::InternalMetadata Load (0.1ms)[0m  [1m[34mSELECT  "ar_internal_metadata".* FROM "ar_internal_metadata" WHERE "ar_internal_metadata"."key" = ? LIMIT ?[0m  [["key", :environment], ["LIMIT", 1]]
  [1m[35m (0.0ms)[0m  [1m[36mbegin transaction[0m
  [1m[35mSQL (0.3ms)[0m  [1m[32mINSERT INTO "ar_internal_metadata" ("key", "value", "created_at", "updated_at") VALUES (?, ?, ?, ?)[0m  [["key", "environment"], ["value", "development"], ["created_at", 2017-03-30 18:33:36 UTC], ["updated_at", 2017-03-30 18:33:36 UTC]]
  [1m[35m (0.5ms)[0m  [1m[36mcommit transaction[0m
  [1m[36mActiveRecord::SchemaMigration Load (0.1ms)[0m  [1m[34mSELECT "schema_migrations".* FROM "schema_migrations"[0m
Started GET "/" for ::1 at 2017-04-02 01:18:13 +0900
  [1m[36mActiveRecord::SchemaMigration Load (0.2ms)[0m  [1m[34mSELECT "schema_migrations".* FROM "schema_migrations"[0m
Processing by PostsController#index as HTML
  Rendering posts/index.html.erb within layouts/application
  [1m[36mPost Load (0.3ms)[0m  [1m[34mSELECT "posts".* FROM "posts"[0m
  Rendered posts/index.html.erb within layouts/application (6.8ms)
Completed 200 OK in 235ms (Views: 221.3ms | ActiveRecord: 0.7ms)


Started GET "/posts/new" for ::1 at 2017-04-02 01:18:20 +0900
Processing by PostsController#new as HTML
  Rendering posts/new.html.erb within layouts/application
  [1m[36mPost Load (0.5ms)[0m  [1m[34mSELECT "posts".* FROM "posts"[0m
  Rendered posts/new.html.erb within layouts/application (11.3ms)
Completed 200 OK in 54ms (Views: 51.4ms | ActiveRecord: 0.5ms)


